[CONVERTED] ../src_Jul_16_2021/data/tables/achievement.lua
[CONVERTED] ../src_Jul_16_2021/data/tables/achievement_type.lua
[CONVERTED] ../src_Jul_16_2021/data/tables/activity.lua
[CONVERTED] ../src_Jul_16_2021/data/tables/activity_3birthday_dinner.lua
[CONVERTED] ../src_Jul_16_2021/data/tables/activity_3birthday_dinner_point.lua
[CONVERTED] ../src_Jul_16_2021/data/tables/activity_3birthday_gamble.lua
[CONVERTED] ../src_Jul_16_2021/data/tables/activity_3birthday_vip_awards.lua
[IGNORED] ../src_Jul_16_2021/data/tables/activity_arena.lua
[CONVERTED] ../src_Jul_16_2021/data/tables/activity_black_card.lua
[IGNORED] ../src_Jul_16_2021/data/tables/activity_bomb_award.lua
[IGNORED] ../src_Jul_16_2021/data/tables/activity_bomb_make.lua
[CONVERTED] ../src_Jul_16_2021/data/tables/activity_chose_gift.lua
[IGNORED] ../src_Jul_16_2021/data/tables/activity_compose.lua
[IGNORED] ../src_Jul_16_2021/data/tables/activity_course_learning.lua
[IGNORED] ../src_Jul_16_2021/data/tables/activity_course_learning_2.lua
[IGNORED] ../src_Jul_16_2021/data/tables/activity_easter_egg_point.lua
[CONVERTED] ../src_Jul_16_2021/data/tables/activity_equip_levelup.lua
[IGNORED] ../src_Jul_16_2021/data/tables/activity_exchange_award.lua
[IGNORED] ../src_Jul_16_2021/data/tables/activity_fair_arena_box_buff.lua
[IGNORED] ../src_Jul_16_2021/data/tables/activity_fair_arena_box_equip.lua
[IGNORED] ../src_Jul_16_2021/data/tables/activity_fair_arena_box_partner.lua
[IGNORED] ../src_Jul_16_2021/data/tables/activity_fair_arena_level.lua
[IGNORED] ../src_Jul_16_2021/data/tables/activity_fair_arena_rank.lua
[IGNORED] ../src_Jul_16_2021/data/tables/activity_fair_arena_robot.lua
[IGNORED] ../src_Jul_16_2021/data/tables/activity_fairytale_option.lua
[IGNORED] ../src_Jul_16_2021/data/tables/activity_fairytale_support.lua
[IGNORED] ../src_Jul_16_2021/data/tables/activity_festival.lua
[IGNORED] ../src_Jul_16_2021/data/tables/activity_food_festival_awards.lua
[CONVERTED] ../src_Jul_16_2021/data/tables/activity_gacha.lua
[CONVERTED] ../src_Jul_16_2021/data/tables/activity_gacha_partner_award.lua
[IGNORED] ../src_Jul_16_2021/data/tables/activity_gamble.lua
[IGNORED] ../src_Jul_16_2021/data/tables/activity_gamble_plus.lua
[IGNORED] ../src_Jul_16_2021/data/tables/activity_gamble_plus_mission.lua
[IGNORED] ../src_Jul_16_2021/data/tables/activity_giftbag_optional.lua
[CONVERTED] ../src_Jul_16_2021/data/tables/activity_giftbox.lua
[IGNORED] ../src_Jul_16_2021/data/tables/activity_graduate_gift.lua
[IGNORED] ../src_Jul_16_2021/data/tables/activity_ice_secret_awards.lua
[IGNORED] ../src_Jul_16_2021/data/tables/activity_lafuli_award.lua
[IGNORED] ../src_Jul_16_2021/data/tables/activity_lafuli_drift.lua
[IGNORED] ../src_Jul_16_2021/data/tables/activity_lafuli_shop.lua
[IGNORED] ../src_Jul_16_2021/data/tables/activity_level_push_optional.lua
[IGNORED] ../src_Jul_16_2021/data/tables/activity_make_cake.lua
[IGNORED] ../src_Jul_16_2021/data/tables/activity_newbee_lesson.lua
[IGNORED] ../src_Jul_16_2021/data/tables/activity_newbee_lesson_2.lua
[IGNORED] ../src_Jul_16_2021/data/tables/activity_partner_gallery_award.lua
[IGNORED] ../src_Jul_16_2021/data/tables/activity_partner_gallery_point.lua
[CONVERTED] ../src_Jul_16_2021/data/tables/activity_partner_jackpot.lua
[CONVERTED] ../src_Jul_16_2021/data/tables/activity_partner_miracle.lua
[CONVERTED] ../src_Jul_16_2021/data/tables/activity_point_giftbox.lua
[CONVERTED] ../src_Jul_16_2021/data/tables/activity_popularity_vote_award.lua
[CONVERTED] ../src_Jul_16_2021/data/tables/activity_popularity_vote_list.lua
[CONVERTED] ../src_Jul_16_2021/data/tables/activity_popularity_vote_task.lua
[IGNORED] ../src_Jul_16_2021/data/tables/activity_pub_mission.lua
[IGNORED] ../src_Jul_16_2021/data/tables/activity_recharge.lua
[CONVERTED] ../src_Jul_16_2021/data/tables/activity_return2_gift_optional.lua
[CONVERTED] ../src_Jul_16_2021/data/tables/activity_return2_reward.lua
[IGNORED] ../src_Jul_16_2021/data/tables/activity_school_gift.lua
[IGNORED] ../src_Jul_16_2021/data/tables/activity_school_gift_exchange.lua
[IGNORED] ../src_Jul_16_2021/data/tables/activity_search_book.lua
[IGNORED] ../src_Jul_16_2021/data/tables/activity_shelter.lua
[CONVERTED] ../src_Jul_16_2021/data/tables/activity_shop_hero.lua
[IGNORED] ../src_Jul_16_2021/data/tables/activity_space_explore_map.lua
[IGNORED] ../src_Jul_16_2021/data/tables/activity_space_explore_mission.lua
[IGNORED] ../src_Jul_16_2021/data/tables/activity_space_explore_monster.lua
[IGNORED] ../src_Jul_16_2021/data/tables/activity_space_explore_partner.lua
[IGNORED] ../src_Jul_16_2021/data/tables/activity_space_explore_place.lua
[IGNORED] ../src_Jul_16_2021/data/tables/activity_space_explore_reward.lua
[IGNORED] ../src_Jul_16_2021/data/tables/activity_space_explore_skill.lua
[IGNORED] ../src_Jul_16_2021/data/tables/activity_study_quest.lua
[IGNORED] ../src_Jul_16_2021/data/tables/activity_study_score.lua
[IGNORED] ../src_Jul_16_2021/data/tables/activity_time_gamble.lua
[IGNORED] ../src_Jul_16_2021/data/tables/activity_time_mission.lua
[IGNORED] ../src_Jul_16_2021/data/tables/activity_time_mission_tab.lua
[IGNORED] ../src_Jul_16_2021/data/tables/activity_time_partner_award.lua
[IGNORED] ../src_Jul_16_2021/data/tables/activity_time_point_award.lua
[IGNORED] ../src_Jul_16_2021/data/tables/activity_time_shop.lua
[IGNORED] ../src_Jul_16_2021/data/tables/activity_tower_fund_giftbag.lua
[CONVERTED] ../src_Jul_16_2021/data/tables/activity_tree.lua
[CONVERTED] ../src_Jul_16_2021/data/tables/activity_turing_task.lua
[CONVERTED] ../src_Jul_16_2021/data/tables/annual_report.lua
[CONVERTED] ../src_Jul_16_2021/data/tables/battle.lua
[CONVERTED] ../src_Jul_16_2021/data/tables/battle_target.lua
[CONVERTED] ../src_Jul_16_2021/data/tables/battle_trigger.lua
[CONVERTED] ../src_Jul_16_2021/data/tables/battlepass_2.lua
[CONVERTED] ../src_Jul_16_2021/data/tables/battlepass_award_2.lua
[CONVERTED] ../src_Jul_16_2021/data/tables/buff.lua
[CONVERTED] ../src_Jul_16_2021/data/tables/collection.lua
[CONVERTED] ../src_Jul_16_2021/data/tables/comic.lua
[CONVERTED] ../src_Jul_16_2021/data/tables/custom_background.lua
[CONVERTED] ../src_Jul_16_2021/data/tables/daily_mail_award.lua
[IGNORED] ../src_Jul_16_2021/data/tables/de_de/achievement_text_de_de.lua
[IGNORED] ../src_Jul_16_2021/data/tables/de_de/activity_date_decision_text_de_de.lua
[IGNORED] ../src_Jul_16_2021/data/tables/de_de/activity_date_options_text_de_de.lua
[IGNORED] ../src_Jul_16_2021/data/tables/de_de/activity_fair_arena_box_buff_text_de_de.lua
[IGNORED] ../src_Jul_16_2021/data/tables/de_de/activity_gamble_mission_text_de_de.lua
[IGNORED] ../src_Jul_16_2021/data/tables/de_de/activity_lafuli_drift_text_de_de.lua
[IGNORED] ../src_Jul_16_2021/data/tables/de_de/activity_newbee_lesson_text_de_de.lua
[IGNORED] ../src_Jul_16_2021/data/tables/de_de/activity_plot_text_de_de.lua
[IGNORED] ../src_Jul_16_2021/data/tables/de_de/activity_popularity_vote_text_de_de.lua
[IGNORED] ../src_Jul_16_2021/data/tables/de_de/activity_space_explore_mission_text_de_de.lua
[IGNORED] ../src_Jul_16_2021/data/tables/de_de/activity_space_explore_skill_text_de_de.lua
[IGNORED] ../src_Jul_16_2021/data/tables/de_de/activity_study_quest_text_de_de.lua
[IGNORED] ../src_Jul_16_2021/data/tables/de_de/activity_study_score_text_de_de.lua
[IGNORED] ../src_Jul_16_2021/data/tables/de_de/activity_text_de_de.lua
[IGNORED] ../src_Jul_16_2021/data/tables/de_de/activity_time_mission_text_de_de.lua
[IGNORED] ../src_Jul_16_2021/data/tables/de_de/activity_turing_task_text_de_de.lua
[IGNORED] ../src_Jul_16_2021/data/tables/de_de/appointment_partner_data_text_de_de.lua
[IGNORED] ../src_Jul_16_2021/data/tables/de_de/buff_text_de_de.lua
[IGNORED] ../src_Jul_16_2021/data/tables/de_de/collection_text_de_de.lua
[IGNORED] ../src_Jul_16_2021/data/tables/de_de/community_de_de.lua
[IGNORED] ../src_Jul_16_2021/data/tables/de_de/custom_background_text_de_de.lua
[IGNORED] ../src_Jul_16_2021/data/tables/de_de/device_notify_category_text_de_de.lua
[IGNORED] ../src_Jul_16_2021/data/tables/de_de/device_notify_text_de_de.lua
[IGNORED] ../src_Jul_16_2021/data/tables/de_de/device_red_mark_text_de_de.lua
[IGNORED] ../src_Jul_16_2021/data/tables/de_de/direct_artifact_text_de_de.lua
[IGNORED] ../src_Jul_16_2021/data/tables/de_de/direct_text_de_de.lua
[IGNORED] ../src_Jul_16_2021/data/tables/de_de/emoticon_gif_text_de_de.lua
[IGNORED] ../src_Jul_16_2021/data/tables/de_de/equip_text_de_de.lua
[IGNORED] ../src_Jul_16_2021/data/tables/de_de/error_info_text_de_de.lua
[IGNORED] ../src_Jul_16_2021/data/tables/de_de/getway_item_text_de_de.lua
[IGNORED] ../src_Jul_16_2021/data/tables/de_de/getway_text_de_de.lua
[IGNORED] ../src_Jul_16_2021/data/tables/de_de/giftbag_text_de_de.lua
[IGNORED] ../src_Jul_16_2021/data/tables/de_de/girls_model_text_de_de.lua
[IGNORED] ../src_Jul_16_2021/data/tables/de_de/guide_1_text_de_de.lua
[IGNORED] ../src_Jul_16_2021/data/tables/de_de/guild_log_text_de_de.lua
[IGNORED] ../src_Jul_16_2021/data/tables/de_de/guild_skill_text_de_de.lua
[IGNORED] ../src_Jul_16_2021/data/tables/de_de/house_furniture_group_text_de_de.lua
[IGNORED] ../src_Jul_16_2021/data/tables/de_de/house_guide_text_de_de.lua
[IGNORED] ../src_Jul_16_2021/data/tables/de_de/item_text_de_de.lua
[IGNORED] ../src_Jul_16_2021/data/tables/de_de/mail_text_de_de.lua
[IGNORED] ../src_Jul_16_2021/data/tables/de_de/new_trial_buff_text_de_de.lua
[IGNORED] ../src_Jul_16_2021/data/tables/de_de/old_building_buff_text_de_de.lua
[IGNORED] ../src_Jul_16_2021/data/tables/de_de/partner_dialog_text_de_de.lua
[IGNORED] ../src_Jul_16_2021/data/tables/de_de/partner_exskill_text_de_de.lua
[IGNORED] ../src_Jul_16_2021/data/tables/de_de/partner_plot_text_de_de.lua
[IGNORED] ../src_Jul_16_2021/data/tables/de_de/partner_text_de_de.lua
[IGNORED] ../src_Jul_16_2021/data/tables/de_de/partner_warmup_plot_text_de_de.lua
[IGNORED] ../src_Jul_16_2021/data/tables/de_de/pet_training_lesson_text_de_de.lua
[IGNORED] ../src_Jul_16_2021/data/tables/de_de/pet_training_text_de_de.lua
[IGNORED] ../src_Jul_16_2021/data/tables/de_de/questionnaire_options_text_de_de.lua
[IGNORED] ../src_Jul_16_2021/data/tables/de_de/questionnaire_text_de_de.lua
[IGNORED] ../src_Jul_16_2021/data/tables/de_de/setting_text_de_de.lua
[IGNORED] ../src_Jul_16_2021/data/tables/de_de/skill_text_de_de.lua
[IGNORED] ../src_Jul_16_2021/data/tables/de_de/tips_activity_point_text_de_de.lua
[IGNORED] ../src_Jul_16_2021/data/tables/de_de/translation_de_de.lua
[IGNORED] ../src_Jul_16_2021/data/tables/de_de/vip_text_de_de.lua
[CONVERTED] ../src_Jul_16_2021/data/tables/device_notify.lua
[CONVERTED] ../src_Jul_16_2021/data/tables/device_notify_category.lua
[CONVERTED] ../src_Jul_16_2021/data/tables/device_red_mark.lua
[KEYERROR] tables/direct.csv
[ADDED COLUMN 3] unknown_3
[CONVERTED] ../src_Jul_16_2021/data/tables/direct.lua
[CONVERTED] ../src_Jul_16_2021/data/tables/direct_array.lua
[IGNORED] ../src_Jul_16_2021/data/tables/dropbox.lua
[CONVERTED] ../src_Jul_16_2021/data/tables/dropbox1.lua
[CONVERTED] ../src_Jul_16_2021/data/tables/dropbox2.lua
[CONVERTED] ../src_Jul_16_2021/data/tables/dropbox_show.lua
[CONVERTED] ../src_Jul_16_2021/data/tables/effect.lua
[CONVERTED] ../src_Jul_16_2021/data/tables/emoticon_gif.lua
[CONVERTED] ../src_Jul_16_2021/data/tables/en_en/achievement_text_en_en.lua
[IGNORED] ../src_Jul_16_2021/data/tables/en_en/activity_fair_arena_box_buff_text_en_en.lua
[IGNORED] ../src_Jul_16_2021/data/tables/en_en/activity_gamble_mission_text_en_en.lua
[IGNORED] ../src_Jul_16_2021/data/tables/en_en/activity_lafuli_drift_text_en_en.lua
[IGNORED] ../src_Jul_16_2021/data/tables/en_en/activity_newbee_lesson_text_en_en.lua
[CONVERTED] ../src_Jul_16_2021/data/tables/en_en/activity_popularity_vote_text_en_en.lua
[IGNORED] ../src_Jul_16_2021/data/tables/en_en/activity_space_explore_mission_text_en_en.lua
[IGNORED] ../src_Jul_16_2021/data/tables/en_en/activity_space_explore_skill_text_en_en.lua
[IGNORED] ../src_Jul_16_2021/data/tables/en_en/activity_study_quest_text_en_en.lua
[IGNORED] ../src_Jul_16_2021/data/tables/en_en/activity_study_score_text_en_en.lua
[CONVERTED] ../src_Jul_16_2021/data/tables/en_en/activity_text_en_en.lua
[IGNORED] ../src_Jul_16_2021/data/tables/en_en/activity_time_mission_text_en_en.lua
[CONVERTED] ../src_Jul_16_2021/data/tables/en_en/activity_turing_task_text_en_en.lua
[CONVERTED] ../src_Jul_16_2021/data/tables/en_en/appointment_partner_data_text_en_en.lua
[CONVERTED] ../src_Jul_16_2021/data/tables/en_en/buff_text_en_en.lua
[CONVERTED] ../src_Jul_16_2021/data/tables/en_en/collection_text_en_en.lua
[CONVERTED] ../src_Jul_16_2021/data/tables/en_en/comic_en_en.lua
[CONVERTED] ../src_Jul_16_2021/data/tables/en_en/comic_text_en_en.lua
[CONVERTED] ../src_Jul_16_2021/data/tables/en_en/custom_background_text_en_en.lua
[CONVERTED] ../src_Jul_16_2021/data/tables/en_en/device_notify_category_text_en_en.lua
[CONVERTED] ../src_Jul_16_2021/data/tables/en_en/device_notify_text_en_en.lua
[CONVERTED] ../src_Jul_16_2021/data/tables/en_en/device_red_mark_text_en_en.lua
[CONVERTED] ../src_Jul_16_2021/data/tables/en_en/direct_artifact_text_en_en.lua
[CONVERTED] ../src_Jul_16_2021/data/tables/en_en/direct_text_en_en.lua
[CONVERTED] ../src_Jul_16_2021/data/tables/en_en/emoticon_gif_text_en_en.lua
[CONVERTED] ../src_Jul_16_2021/data/tables/en_en/equip_text_en_en.lua
[CONVERTED] ../src_Jul_16_2021/data/tables/en_en/error_info_text_en_en.lua
[CONVERTED] ../src_Jul_16_2021/data/tables/en_en/getway_item_text_en_en.lua
[CONVERTED] ../src_Jul_16_2021/data/tables/en_en/getway_text_en_en.lua
[CONVERTED] ../src_Jul_16_2021/data/tables/en_en/giftbag_text_en_en.lua
[CONVERTED] ../src_Jul_16_2021/data/tables/en_en/girls_model_text_en_en.lua
[CONVERTED] ../src_Jul_16_2021/data/tables/en_en/govern_team_weather_text_en_en.lua
[CONVERTED] ../src_Jul_16_2021/data/tables/en_en/guide_1_text_en_en.lua
[CONVERTED] ../src_Jul_16_2021/data/tables/en_en/guild_guide_text_en_en.lua
[CONVERTED] ../src_Jul_16_2021/data/tables/en_en/guild_log_text_en_en.lua
[CONVERTED] ../src_Jul_16_2021/data/tables/en_en/guild_skill_text_en_en.lua
[CONVERTED] ../src_Jul_16_2021/data/tables/en_en/house_furniture_group_text_en_en.lua
[CONVERTED] ../src_Jul_16_2021/data/tables/en_en/house_guide_text_en_en.lua
[CONVERTED] ../src_Jul_16_2021/data/tables/en_en/item_text_en_en.lua
[CONVERTED] ../src_Jul_16_2021/data/tables/en_en/mail_text_en_en.lua
[CONVERTED] ../src_Jul_16_2021/data/tables/en_en/main_plot_fort_text_en_en.lua
[CONVERTED] ../src_Jul_16_2021/data/tables/en_en/old_building_buff_text_en_en.lua
[CONVERTED] ../src_Jul_16_2021/data/tables/en_en/partner_challenge_buff_text_en_en.lua
[CONVERTED] ../src_Jul_16_2021/data/tables/en_en/partner_challenge_text_en_en.lua
[CONVERTED] ../src_Jul_16_2021/data/tables/en_en/partner_dialog_text_en_en.lua
[CONVERTED] ../src_Jul_16_2021/data/tables/en_en/partner_exskill_text_en_en.lua
[CONVERTED] ../src_Jul_16_2021/data/tables/en_en/partner_text_en_en.lua
[CONVERTED] ../src_Jul_16_2021/data/tables/en_en/partner_warmup_plot_text_en_en.lua
[CONVERTED] ../src_Jul_16_2021/data/tables/en_en/pet_training_lesson_text_en_en.lua
[CONVERTED] ../src_Jul_16_2021/data/tables/en_en/pet_training_text_en_en.lua
[CONVERTED] ../src_Jul_16_2021/data/tables/en_en/questionnaire_options_text_en_en.lua
[CONVERTED] ../src_Jul_16_2021/data/tables/en_en/questionnaire_text_en_en.lua
[CONVERTED] ../src_Jul_16_2021/data/tables/en_en/setting_text_en_en.lua
[KEYERROR] tables/en_en/skill_text_en_en.csv
[ADDED COLUMN 2] unknown_2
[CONVERTED] ../src_Jul_16_2021/data/tables/en_en/skill_text_en_en.lua
[IGNORED] ../src_Jul_16_2021/data/tables/en_en/tips_activity_point_text_en_en.lua
[CONVERTED] ../src_Jul_16_2021/data/tables/en_en/translation_en_en.lua
[CONVERTED] ../src_Jul_16_2021/data/tables/en_en/vip_text_en_en.lua
[CONVERTED] ../src_Jul_16_2021/data/tables/equip.lua
[CONVERTED] ../src_Jul_16_2021/data/tables/fight_test_partner.lua
[CONVERTED] ../src_Jul_16_2021/data/tables/fight_test_team.lua
[CONVERTED] ../src_Jul_16_2021/data/tables/filterword.lua
[IGNORED] ../src_Jul_16_2021/data/tables/fr_fr/achievement_text_fr_fr.lua
[IGNORED] ../src_Jul_16_2021/data/tables/fr_fr/activity_fair_arena_box_buff_text_fr_fr.lua
[IGNORED] ../src_Jul_16_2021/data/tables/fr_fr/activity_gamble_mission_text_fr_fr.lua
[IGNORED] ../src_Jul_16_2021/data/tables/fr_fr/activity_lafuli_drift_text_fr_fr.lua
[IGNORED] ../src_Jul_16_2021/data/tables/fr_fr/activity_newbee_lesson_text_fr_fr.lua
[IGNORED] ../src_Jul_16_2021/data/tables/fr_fr/activity_popularity_vote_text_fr_fr.lua
[IGNORED] ../src_Jul_16_2021/data/tables/fr_fr/activity_space_explore_mission_text_fr_fr.lua
[IGNORED] ../src_Jul_16_2021/data/tables/fr_fr/activity_space_explore_skill_text_fr_fr.lua
[IGNORED] ../src_Jul_16_2021/data/tables/fr_fr/activity_study_quest_text_fr_fr.lua
[IGNORED] ../src_Jul_16_2021/data/tables/fr_fr/activity_study_score_text_fr_fr.lua
[IGNORED] ../src_Jul_16_2021/data/tables/fr_fr/activity_text_fr_fr.lua
[IGNORED] ../src_Jul_16_2021/data/tables/fr_fr/activity_time_mission_text_fr_fr.lua
[IGNORED] ../src_Jul_16_2021/data/tables/fr_fr/activity_turing_task_text_fr_fr.lua
[IGNORED] ../src_Jul_16_2021/data/tables/fr_fr/activity_valentine_plot_text_fr_fr.lua
[IGNORED] ../src_Jul_16_2021/data/tables/fr_fr/appointment_partner_data_text_fr_fr.lua
[IGNORED] ../src_Jul_16_2021/data/tables/fr_fr/battlepass_mission_text_fr_fr.lua
[IGNORED] ../src_Jul_16_2021/data/tables/fr_fr/buff_text_fr_fr.lua
[IGNORED] ../src_Jul_16_2021/data/tables/fr_fr/collection_text_fr_fr.lua
[IGNORED] ../src_Jul_16_2021/data/tables/fr_fr/comic_fr_fr.lua
[IGNORED] ../src_Jul_16_2021/data/tables/fr_fr/comic_text_fr_fr.lua
[IGNORED] ../src_Jul_16_2021/data/tables/fr_fr/custom_background_text_fr_fr.lua
[IGNORED] ../src_Jul_16_2021/data/tables/fr_fr/daily_mission_text_fr_fr.lua
[IGNORED] ../src_Jul_16_2021/data/tables/fr_fr/device_notify_category_text_fr_fr.lua
[IGNORED] ../src_Jul_16_2021/data/tables/fr_fr/device_notify_text_fr_fr.lua
[IGNORED] ../src_Jul_16_2021/data/tables/fr_fr/device_red_mark_text_fr_fr.lua
[IGNORED] ../src_Jul_16_2021/data/tables/fr_fr/direct_artifact_text_fr_fr.lua
[IGNORED] ../src_Jul_16_2021/data/tables/fr_fr/direct_text_fr_fr.lua
[IGNORED] ../src_Jul_16_2021/data/tables/fr_fr/emoticon_gif_text_fr_fr.lua
[IGNORED] ../src_Jul_16_2021/data/tables/fr_fr/emoticon_text_fr_fr.lua
[IGNORED] ../src_Jul_16_2021/data/tables/fr_fr/equip_text_fr_fr.lua
[IGNORED] ../src_Jul_16_2021/data/tables/fr_fr/error_info_text_fr_fr.lua
[IGNORED] ../src_Jul_16_2021/data/tables/fr_fr/function_text_fr_fr.lua
[IGNORED] ../src_Jul_16_2021/data/tables/fr_fr/getway_item_text_fr_fr.lua
[IGNORED] ../src_Jul_16_2021/data/tables/fr_fr/getway_text_fr_fr.lua
[IGNORED] ../src_Jul_16_2021/data/tables/fr_fr/giftbag_text_fr_fr.lua
[IGNORED] ../src_Jul_16_2021/data/tables/fr_fr/girls_model_text_fr_fr.lua
[IGNORED] ../src_Jul_16_2021/data/tables/fr_fr/govern_team_weather_text_fr_fr.lua
[IGNORED] ../src_Jul_16_2021/data/tables/fr_fr/group_buff_text_fr_fr.lua
[IGNORED] ../src_Jul_16_2021/data/tables/fr_fr/guide_1_text_fr_fr.lua
[IGNORED] ../src_Jul_16_2021/data/tables/fr_fr/guild_log_text_fr_fr.lua
[IGNORED] ../src_Jul_16_2021/data/tables/fr_fr/guild_skill_text_fr_fr.lua
[IGNORED] ../src_Jul_16_2021/data/tables/fr_fr/house_furniture_group_text_fr_fr.lua
[IGNORED] ../src_Jul_16_2021/data/tables/fr_fr/house_guide_text_fr_fr.lua
[IGNORED] ../src_Jul_16_2021/data/tables/fr_fr/item_text_fr_fr.lua
[IGNORED] ../src_Jul_16_2021/data/tables/fr_fr/loading_tips_text_fr_fr.lua
[IGNORED] ../src_Jul_16_2021/data/tables/fr_fr/mail_text_fr_fr.lua
[IGNORED] ../src_Jul_16_2021/data/tables/fr_fr/main_plot_text_fr_fr.lua
[IGNORED] ../src_Jul_16_2021/data/tables/fr_fr/old_building_buff_text_fr_fr.lua
[IGNORED] ../src_Jul_16_2021/data/tables/fr_fr/partner_challenge_mission_text_fr_fr.lua
[IGNORED] ../src_Jul_16_2021/data/tables/fr_fr/partner_dialog_text_fr_fr.lua
[IGNORED] ../src_Jul_16_2021/data/tables/fr_fr/partner_exskill_text_fr_fr.lua
[IGNORED] ../src_Jul_16_2021/data/tables/fr_fr/partner_plot_text_fr_fr.lua
[IGNORED] ../src_Jul_16_2021/data/tables/fr_fr/partner_text_fr_fr.lua
[IGNORED] ../src_Jul_16_2021/data/tables/fr_fr/partner_warmup_plot_text_fr_fr.lua
[IGNORED] ../src_Jul_16_2021/data/tables/fr_fr/pet_training_lesson_text_fr_fr.lua
[IGNORED] ../src_Jul_16_2021/data/tables/fr_fr/pet_training_text_fr_fr.lua
[IGNORED] ../src_Jul_16_2021/data/tables/fr_fr/pub_mission_name_text_fr_fr.lua
[IGNORED] ../src_Jul_16_2021/data/tables/fr_fr/questionnaire_options_text_fr_fr.lua
[IGNORED] ../src_Jul_16_2021/data/tables/fr_fr/questionnaire_text_fr_fr.lua
[IGNORED] ../src_Jul_16_2021/data/tables/fr_fr/school_practise_guide_text_fr_fr.lua
[IGNORED] ../src_Jul_16_2021/data/tables/fr_fr/setting_text_fr_fr.lua
[IGNORED] ../src_Jul_16_2021/data/tables/fr_fr/skill_text_fr_fr.lua
[IGNORED] ../src_Jul_16_2021/data/tables/fr_fr/tips_activity_point_text_fr_fr.lua
[IGNORED] ../src_Jul_16_2021/data/tables/fr_fr/translation_2_fr_fr.lua
[IGNORED] ../src_Jul_16_2021/data/tables/fr_fr/translation_fr_fr.lua
[IGNORED] ../src_Jul_16_2021/data/tables/fr_fr/vip_text_fr_fr.lua
[CONVERTED] ../src_Jul_16_2021/data/tables/function.lua
[CONVERTED] ../src_Jul_16_2021/data/tables/fx.lua
[CONVERTED] ../src_Jul_16_2021/data/tables/getway.lua
[CONVERTED] ../src_Jul_16_2021/data/tables/getway_item copy.lua
[CONVERTED] ../src_Jul_16_2021/data/tables/getway_item.lua
[CONVERTED] ../src_Jul_16_2021/data/tables/gift.lua
[CONVERTED] ../src_Jul_16_2021/data/tables/giftbag.lua
[CONVERTED] ../src_Jul_16_2021/data/tables/giftbag_push_optioanal.lua
[CONVERTED] ../src_Jul_16_2021/data/tables/giftbox_optional.lua
[CONVERTED] ../src_Jul_16_2021/data/tables/giftcode_group.lua
[CONVERTED] ../src_Jul_16_2021/data/tables/girls_model.lua
[CONVERTED] ../src_Jul_16_2021/data/tables/guide_1.lua
[CONVERTED] ../src_Jul_16_2021/data/tables/guild_competition_boss.lua
[CONVERTED] ../src_Jul_16_2021/data/tables/guild_competition_group_rank.lua
[CONVERTED] ../src_Jul_16_2021/data/tables/guild_competition_personal_rank.lua
[CONVERTED] ../src_Jul_16_2021/data/tables/guild_skill.lua
[CONVERTED] ../src_Jul_16_2021/data/tables/guild_skill_restore.lua
[CONVERTED] ../src_Jul_16_2021/data/tables/guild_trader.lua
[CONVERTED] ../src_Jul_16_2021/data/tables/house_furniture.lua
[CONVERTED] ../src_Jul_16_2021/data/tables/house_furniture_effect.lua
[CONVERTED] ../src_Jul_16_2021/data/tables/house_furniture_group.lua
[CONVERTED] ../src_Jul_16_2021/data/tables/house_guide.lua
[CONVERTED] ../src_Jul_16_2021/data/tables/house_partner.lua
[IGNORED] ../src_Jul_16_2021/data/tables/item.lua
[CONVERTED] ../src_Jul_16_2021/data/tables/item1.lua
[CONVERTED] ../src_Jul_16_2021/data/tables/item2.lua
[CONVERTED] ../src_Jul_16_2021/data/tables/ja_jp/achievement_text_ja_jp.lua
[IGNORED] ../src_Jul_16_2021/data/tables/ja_jp/activity_fair_arena_box_buff_text_ja_jp.lua
[IGNORED] ../src_Jul_16_2021/data/tables/ja_jp/activity_gamble_mission_text_ja_jp.lua
[IGNORED] ../src_Jul_16_2021/data/tables/ja_jp/activity_lafuli_drift_text_ja_jp.lua
[IGNORED] ../src_Jul_16_2021/data/tables/ja_jp/activity_newbee_lesson_text_ja_jp.lua
[CONVERTED] ../src_Jul_16_2021/data/tables/ja_jp/activity_popularity_vote_text_ja_jp.lua
[IGNORED] ../src_Jul_16_2021/data/tables/ja_jp/activity_space_explore_mission_text_ja_jp.lua
[IGNORED] ../src_Jul_16_2021/data/tables/ja_jp/activity_space_explore_skill_text_ja_jp.lua
[IGNORED] ../src_Jul_16_2021/data/tables/ja_jp/activity_study_quest_text_ja_jp.lua
[IGNORED] ../src_Jul_16_2021/data/tables/ja_jp/activity_study_score_text_ja_jp.lua
[CONVERTED] ../src_Jul_16_2021/data/tables/ja_jp/activity_text_ja_jp.lua
[IGNORED] ../src_Jul_16_2021/data/tables/ja_jp/activity_time_mission_text_ja_jp.lua
[CONVERTED] ../src_Jul_16_2021/data/tables/ja_jp/activity_turing_task_text_ja_jp.lua
[CONVERTED] ../src_Jul_16_2021/data/tables/ja_jp/appointment_partner_data_text_ja_jp.lua
[CONVERTED] ../src_Jul_16_2021/data/tables/ja_jp/buff_text_ja_jp.lua
[CONVERTED] ../src_Jul_16_2021/data/tables/ja_jp/collection_text_ja_jp.lua
[CONVERTED] ../src_Jul_16_2021/data/tables/ja_jp/comic_ja_jp.lua
[CONVERTED] ../src_Jul_16_2021/data/tables/ja_jp/comic_text_ja_jp.lua
[CONVERTED] ../src_Jul_16_2021/data/tables/ja_jp/custom_background_text_ja_jp.lua
[CONVERTED] ../src_Jul_16_2021/data/tables/ja_jp/device_notify_category_text_ja_jp.lua
[CONVERTED] ../src_Jul_16_2021/data/tables/ja_jp/device_notify_text_ja_jp.lua
[CONVERTED] ../src_Jul_16_2021/data/tables/ja_jp/device_red_mark_text_ja_jp.lua
[CONVERTED] ../src_Jul_16_2021/data/tables/ja_jp/direct_artifact_text_ja_jp.lua
[CONVERTED] ../src_Jul_16_2021/data/tables/ja_jp/direct_text_ja_jp.lua
[CONVERTED] ../src_Jul_16_2021/data/tables/ja_jp/emoticon_gif_text_ja_jp.lua
[CONVERTED] ../src_Jul_16_2021/data/tables/ja_jp/equip_text_ja_jp.lua
[CONVERTED] ../src_Jul_16_2021/data/tables/ja_jp/error_info_text_ja_jp.lua
[CONVERTED] ../src_Jul_16_2021/data/tables/ja_jp/function_text_ja_jp.lua
[CONVERTED] ../src_Jul_16_2021/data/tables/ja_jp/getway_item_text_ja_jp.lua
[CONVERTED] ../src_Jul_16_2021/data/tables/ja_jp/getway_text_ja_jp.lua
[CONVERTED] ../src_Jul_16_2021/data/tables/ja_jp/giftbag_text_ja_jp.lua
[CONVERTED] ../src_Jul_16_2021/data/tables/ja_jp/girls_model_text_ja_jp.lua
[CONVERTED] ../src_Jul_16_2021/data/tables/ja_jp/guide_1_text_ja_jp.lua
[CONVERTED] ../src_Jul_16_2021/data/tables/ja_jp/guild_log_text_ja_jp.lua
[CONVERTED] ../src_Jul_16_2021/data/tables/ja_jp/guild_skill_text_ja_jp.lua
[CONVERTED] ../src_Jul_16_2021/data/tables/ja_jp/house_furniture_group_text_ja_jp.lua
[CONVERTED] ../src_Jul_16_2021/data/tables/ja_jp/house_guide_text_ja_jp.lua
[CONVERTED] ../src_Jul_16_2021/data/tables/ja_jp/item_text_ja_jp.lua
[CONVERTED] ../src_Jul_16_2021/data/tables/ja_jp/mail_text_ja_jp.lua
[CONVERTED] ../src_Jul_16_2021/data/tables/ja_jp/old_building_buff_text_ja_jp.lua
[CONVERTED] ../src_Jul_16_2021/data/tables/ja_jp/partner_dialog_text_ja_jp.lua
[CONVERTED] ../src_Jul_16_2021/data/tables/ja_jp/partner_exskill_guide_text_ja_jp.lua
[CONVERTED] ../src_Jul_16_2021/data/tables/ja_jp/partner_exskill_text_ja_jp.lua
[CONVERTED] ../src_Jul_16_2021/data/tables/ja_jp/partner_notation_text_ja_jp.lua
[CONVERTED] ../src_Jul_16_2021/data/tables/ja_jp/partner_plot_text_ja_jp.lua
[CONVERTED] ../src_Jul_16_2021/data/tables/ja_jp/partner_text_ja_jp.lua
[CONVERTED] ../src_Jul_16_2021/data/tables/ja_jp/partner_warmup_plot_text_ja_jp.lua
[CONVERTED] ../src_Jul_16_2021/data/tables/ja_jp/pet_training_lesson_text_ja_jp.lua
[CONVERTED] ../src_Jul_16_2021/data/tables/ja_jp/pet_training_text_ja_jp.lua
[CONVERTED] ../src_Jul_16_2021/data/tables/ja_jp/questionnaire_options_text_ja_jp.lua
[CONVERTED] ../src_Jul_16_2021/data/tables/ja_jp/questionnaire_text_ja_jp.lua
[CONVERTED] ../src_Jul_16_2021/data/tables/ja_jp/setting_text_ja_jp.lua
[KEYERROR] tables/ja_jp/skill_text_ja_jp.csv
[ADDED COLUMN 2] unknown_2
[CONVERTED] ../src_Jul_16_2021/data/tables/ja_jp/skill_text_ja_jp.lua
[IGNORED] ../src_Jul_16_2021/data/tables/ja_jp/tips_activity_point_text_ja_jp.lua
[CONVERTED] ../src_Jul_16_2021/data/tables/ja_jp/translation_ja_jp.lua
[CONVERTED] ../src_Jul_16_2021/data/tables/ja_jp/vip_text_ja_jp.lua
[IGNORED] ../src_Jul_16_2021/data/tables/ko_kr/achievement_text_ko_kr.lua
[IGNORED] ../src_Jul_16_2021/data/tables/ko_kr/activity_fair_arena_box_buff_text_ko_kr.lua
[IGNORED] ../src_Jul_16_2021/data/tables/ko_kr/activity_gamble_mission_text_ko_kr.lua
[IGNORED] ../src_Jul_16_2021/data/tables/ko_kr/activity_lafuli_drift_text_ko_kr.lua
[IGNORED] ../src_Jul_16_2021/data/tables/ko_kr/activity_newbee_lesson_text_ko_kr.lua
[IGNORED] ../src_Jul_16_2021/data/tables/ko_kr/activity_plot_text_ko_kr.lua
[IGNORED] ../src_Jul_16_2021/data/tables/ko_kr/activity_popularity_vote_text_ko_kr.lua
[IGNORED] ../src_Jul_16_2021/data/tables/ko_kr/activity_space_explore_mission_text_ko_kr.lua
[IGNORED] ../src_Jul_16_2021/data/tables/ko_kr/activity_space_explore_skill_text_ko_kr.lua
[IGNORED] ../src_Jul_16_2021/data/tables/ko_kr/activity_study_quest_text_ko_kr.lua
[IGNORED] ../src_Jul_16_2021/data/tables/ko_kr/activity_study_score_text_ko_kr.lua
[IGNORED] ../src_Jul_16_2021/data/tables/ko_kr/activity_text_ko_kr.lua
[IGNORED] ../src_Jul_16_2021/data/tables/ko_kr/activity_time_mission_text_ko_kr.lua
[IGNORED] ../src_Jul_16_2021/data/tables/ko_kr/activity_turing_task_text_ko_kr.lua
[IGNORED] ../src_Jul_16_2021/data/tables/ko_kr/appointment_partner_data_text_ko_kr.lua
[IGNORED] ../src_Jul_16_2021/data/tables/ko_kr/battlepass_mission_text_ko_kr.lua
[IGNORED] ../src_Jul_16_2021/data/tables/ko_kr/buff_text_ko_kr.lua
[IGNORED] ../src_Jul_16_2021/data/tables/ko_kr/collection_text_ko_kr.lua
[IGNORED] ../src_Jul_16_2021/data/tables/ko_kr/comic_ko_kr.lua
[IGNORED] ../src_Jul_16_2021/data/tables/ko_kr/comic_text_ko_kr.lua
[IGNORED] ../src_Jul_16_2021/data/tables/ko_kr/custom_background_text_ko_kr.lua
[IGNORED] ../src_Jul_16_2021/data/tables/ko_kr/device_notify_category_text_ko_kr.lua
[IGNORED] ../src_Jul_16_2021/data/tables/ko_kr/device_notify_text_ko_kr.lua
[IGNORED] ../src_Jul_16_2021/data/tables/ko_kr/device_red_mark_text_ko_kr.lua
[IGNORED] ../src_Jul_16_2021/data/tables/ko_kr/direct_artifact_text_ko_kr.lua
[IGNORED] ../src_Jul_16_2021/data/tables/ko_kr/direct_text_ko_kr.lua
[IGNORED] ../src_Jul_16_2021/data/tables/ko_kr/emoticon_gif_text_ko_kr.lua
[IGNORED] ../src_Jul_16_2021/data/tables/ko_kr/equip_text_ko_kr.lua
[IGNORED] ../src_Jul_16_2021/data/tables/ko_kr/error_info_text_ko_kr.lua
[IGNORED] ../src_Jul_16_2021/data/tables/ko_kr/getway_item_text_ko_kr.lua
[IGNORED] ../src_Jul_16_2021/data/tables/ko_kr/getway_text_ko_kr.lua
[IGNORED] ../src_Jul_16_2021/data/tables/ko_kr/giftbag_text_ko_kr.lua
[IGNORED] ../src_Jul_16_2021/data/tables/ko_kr/girls_model_text_ko_kr.lua
[IGNORED] ../src_Jul_16_2021/data/tables/ko_kr/guide_1_text_ko_kr.lua
[IGNORED] ../src_Jul_16_2021/data/tables/ko_kr/guild_log_text_ko_kr.lua
[IGNORED] ../src_Jul_16_2021/data/tables/ko_kr/guild_skill_text_ko_kr.lua
[IGNORED] ../src_Jul_16_2021/data/tables/ko_kr/house_furniture_group_text_ko_kr.lua
[IGNORED] ../src_Jul_16_2021/data/tables/ko_kr/house_guide_text_ko_kr.lua
[IGNORED] ../src_Jul_16_2021/data/tables/ko_kr/item_text_ko_kr.lua
[IGNORED] ../src_Jul_16_2021/data/tables/ko_kr/mail_text_ko_kr.lua
[IGNORED] ../src_Jul_16_2021/data/tables/ko_kr/old_building_buff_text_ko_kr.lua
[IGNORED] ../src_Jul_16_2021/data/tables/ko_kr/partner_dialog_text_ko_kr.lua
[IGNORED] ../src_Jul_16_2021/data/tables/ko_kr/partner_exskill_text_ko_kr.lua
[IGNORED] ../src_Jul_16_2021/data/tables/ko_kr/partner_plot_text_ko_kr.lua
[IGNORED] ../src_Jul_16_2021/data/tables/ko_kr/partner_text_ko_kr.lua
[IGNORED] ../src_Jul_16_2021/data/tables/ko_kr/partner_warmup_plot_text_ko_kr.lua
[IGNORED] ../src_Jul_16_2021/data/tables/ko_kr/pet_training_lesson_text_ko_kr.lua
[IGNORED] ../src_Jul_16_2021/data/tables/ko_kr/pet_training_text_ko_kr.lua
[IGNORED] ../src_Jul_16_2021/data/tables/ko_kr/questionnaire_options_text_ko_kr.lua
[IGNORED] ../src_Jul_16_2021/data/tables/ko_kr/questionnaire_text_ko_kr.lua
[IGNORED] ../src_Jul_16_2021/data/tables/ko_kr/setting_text_ko_kr.lua
[IGNORED] ../src_Jul_16_2021/data/tables/ko_kr/skill_text_ko_kr.lua
[IGNORED] ../src_Jul_16_2021/data/tables/ko_kr/tips_activity_point_text_ko_kr.lua
[IGNORED] ../src_Jul_16_2021/data/tables/ko_kr/translation_ko_kr.lua
[IGNORED] ../src_Jul_16_2021/data/tables/ko_kr/vip_text_ko_kr.lua
[CONVERTED] ../src_Jul_16_2021/data/tables/mail.lua
[CONVERTED] ../src_Jul_16_2021/data/tables/main_plot1.lua
[CONVERTED] ../src_Jul_16_2021/data/tables/main_plot2.lua
[CONVERTED] ../src_Jul_16_2021/data/tables/main_plot3.lua
[CONVERTED] ../src_Jul_16_2021/data/tables/misc.lua
[CONVERTED] ../src_Jul_16_2021/data/tables/model.lua
[IGNORED] ../src_Jul_16_2021/data/tables/monster.lua
[CONVERTED] ../src_Jul_16_2021/data/tables/monster1.lua
[CONVERTED] ../src_Jul_16_2021/data/tables/monster2.lua
[CONVERTED] ../src_Jul_16_2021/data/tables/monster3.lua
[CONVERTED] ../src_Jul_16_2021/data/tables/monster4.lua
[CONVERTED] ../src_Jul_16_2021/data/tables/monster5.lua
[CONVERTED] ../src_Jul_16_2021/data/tables/monster6.lua
[CONVERTED] ../src_Jul_16_2021/data/tables/monster7.lua
[CONVERTED] ../src_Jul_16_2021/data/tables/monster8.lua
[CONVERTED] ../src_Jul_16_2021/data/tables/old_building_buff_new.lua
[CONVERTED] ../src_Jul_16_2021/data/tables/partner.lua
[CONVERTED] ../src_Jul_16_2021/data/tables/partner_challenge_speed.lua
[CONVERTED] ../src_Jul_16_2021/data/tables/partner_dialog.lua
[CONVERTED] ../src_Jul_16_2021/data/tables/partner_exskill.lua
[CONVERTED] ../src_Jul_16_2021/data/tables/partner_picture.lua
[CONVERTED] ../src_Jul_16_2021/data/tables/partner_replace.lua
[CONVERTED] ../src_Jul_16_2021/data/tables/partner_warmup.lua
[IGNORED] ../src_Jul_16_2021/data/tables/partner_warmup_plot.lua
[CONVERTED] ../src_Jul_16_2021/data/tables/partner_warmup_plot2.lua
[CONVERTED] ../src_Jul_16_2021/data/tables/pet.lua
[CONVERTED] ../src_Jul_16_2021/data/tables/pet_training.lua
[CONVERTED] ../src_Jul_16_2021/data/tables/pet_training_boss.lua
[CONVERTED] ../src_Jul_16_2021/data/tables/pet_training_lesson.lua
[CONVERTED] ../src_Jul_16_2021/data/tables/questionnaire.lua
[CONVERTED] ../src_Jul_16_2021/data/tables/questionnaire_options.lua
[CONVERTED] ../src_Jul_16_2021/data/tables/resource_effect.lua
[CONVERTED] ../src_Jul_16_2021/data/tables/senpai_dress.lua
[CONVERTED] ../src_Jul_16_2021/data/tables/senpai_dress_group.lua
[CONVERTED] ../src_Jul_16_2021/data/tables/senpai_dress_item.lua
[CONVERTED] ../src_Jul_16_2021/data/tables/senpai_dress_skill.lua
[CONVERTED] ../src_Jul_16_2021/data/tables/senpai_dress_skill_buff.lua
[CONVERTED] ../src_Jul_16_2021/data/tables/senpai_dress_slot.lua
[CONVERTED] ../src_Jul_16_2021/data/tables/senpai_dress_style.lua
[CONVERTED] ../src_Jul_16_2021/data/tables/server_map.lua
[CONVERTED] ../src_Jul_16_2021/data/tables/shop_battlepass_2.lua
[CONVERTED] ../src_Jul_16_2021/data/tables/shop_config.lua
[CONVERTED] ../src_Jul_16_2021/data/tables/shop_hero.lua
[CONVERTED] ../src_Jul_16_2021/data/tables/shop_hero_new.lua
[CONVERTED] ../src_Jul_16_2021/data/tables/shop_house_furniture.lua
[CONVERTED] ../src_Jul_16_2021/data/tables/shop_skin.lua
[IGNORED] ../src_Jul_16_2021/data/tables/skill.lua
[KEYERROR] tables/skill1.csv
[ADDED COLUMN 3] unknown_3
[CONVERTED] ../src_Jul_16_2021/data/tables/skill1.lua
[KEYERROR] tables/skill2.csv
[ADDED COLUMN 3] unknown_3
[CONVERTED] ../src_Jul_16_2021/data/tables/skill2.lua
[KEYERROR] tables/skill3.csv
[ADDED COLUMN 3] unknown_3
[CONVERTED] ../src_Jul_16_2021/data/tables/skill3.lua
[KEYERROR] tables/skill4.csv
[ADDED COLUMN 3] unknown_3
[CONVERTED] ../src_Jul_16_2021/data/tables/skill4.lua
[KEYERROR] tables/skill5.csv
[ADDED COLUMN 3] unknown_3
[CONVERTED] ../src_Jul_16_2021/data/tables/skill5.lua
[KEYERROR] tables/skill6.csv
[ADDED COLUMN 3] unknown_3
[CONVERTED] ../src_Jul_16_2021/data/tables/skill6.lua
[CONVERTED] ../src_Jul_16_2021/data/tables/skin_show_stage.lua
[IGNORED] ../src_Jul_16_2021/data/tables/sound.lua
[CONVERTED] ../src_Jul_16_2021/data/tables/sound1.lua
[CONVERTED] ../src_Jul_16_2021/data/tables/sound2.lua
[CONVERTED] ../src_Jul_16_2021/data/tables/stage.lua
[CONVERTED] ../src_Jul_16_2021/data/tables/summon.lua
[IGNORED] ../src_Jul_16_2021/data/tables/tips_activity_point.lua
[CONVERTED] ../src_Jul_16_2021/data/tables/tower.lua
[CONVERTED] ../src_Jul_16_2021/data/tables/vip.lua
[CONVERTED] ../src_Jul_16_2021/data/tables/window.lua
[CONVERTED] ../src_Jul_16_2021/data/tables/window_go.lua
[CONVERTED] ../src_Jul_16_2021/data/tables/window_go_operation_map.lua
[CONVERTED] ../src_Jul_16_2021/data/tables/zh_tw/achievement_text_zh_tw.lua
[IGNORED] ../src_Jul_16_2021/data/tables/zh_tw/activity_fair_arena_box_buff_text_zh_tw.lua
[IGNORED] ../src_Jul_16_2021/data/tables/zh_tw/activity_gamble_mission_text_zh_tw.lua
[IGNORED] ../src_Jul_16_2021/data/tables/zh_tw/activity_lafuli_drift_text_zh_tw.lua
[IGNORED] ../src_Jul_16_2021/data/tables/zh_tw/activity_newbee_lesson_text_zh_tw.lua
[CONVERTED] ../src_Jul_16_2021/data/tables/zh_tw/activity_popularity_vote_text_zh_tw.lua
[IGNORED] ../src_Jul_16_2021/data/tables/zh_tw/activity_space_explore_mission_text_zh_tw.lua
[IGNORED] ../src_Jul_16_2021/data/tables/zh_tw/activity_space_explore_skill_text_zh_tw.lua
[IGNORED] ../src_Jul_16_2021/data/tables/zh_tw/activity_study_quest_text_zh_tw.lua
[IGNORED] ../src_Jul_16_2021/data/tables/zh_tw/activity_study_score_text_zh_tw.lua
[CONVERTED] ../src_Jul_16_2021/data/tables/zh_tw/activity_text_zh_tw.lua
[IGNORED] ../src_Jul_16_2021/data/tables/zh_tw/activity_time_mission_text_zh_tw.lua
[CONVERTED] ../src_Jul_16_2021/data/tables/zh_tw/activity_turing_task_text_zh_tw.lua
[CONVERTED] ../src_Jul_16_2021/data/tables/zh_tw/appointment_partner_data_text_zh_tw.lua
[CONVERTED] ../src_Jul_16_2021/data/tables/zh_tw/buff_text_zh_tw.lua
[CONVERTED] ../src_Jul_16_2021/data/tables/zh_tw/collection_text_zh_tw.lua
[CONVERTED] ../src_Jul_16_2021/data/tables/zh_tw/comic_text_zh_tw.lua
[CONVERTED] ../src_Jul_16_2021/data/tables/zh_tw/comic_zh_tw.lua
[CONVERTED] ../src_Jul_16_2021/data/tables/zh_tw/custom_background_text_zh_tw.lua
[CONVERTED] ../src_Jul_16_2021/data/tables/zh_tw/device_notify_category_text_zh_tw.lua
[CONVERTED] ../src_Jul_16_2021/data/tables/zh_tw/device_notify_text_zh_tw.lua
[CONVERTED] ../src_Jul_16_2021/data/tables/zh_tw/device_red_mark_text_zh_tw.lua
[CONVERTED] ../src_Jul_16_2021/data/tables/zh_tw/direct_artifact_text_zh_tw.lua
[CONVERTED] ../src_Jul_16_2021/data/tables/zh_tw/direct_text_zh_tw.lua
[CONVERTED] ../src_Jul_16_2021/data/tables/zh_tw/emoticon_gif_text_zh_tw.lua
[CONVERTED] ../src_Jul_16_2021/data/tables/zh_tw/equip_text_zh_tw.lua
[CONVERTED] ../src_Jul_16_2021/data/tables/zh_tw/error_info_text_zh_tw.lua
[CONVERTED] ../src_Jul_16_2021/data/tables/zh_tw/getway_item_text_zh_tw.lua
[CONVERTED] ../src_Jul_16_2021/data/tables/zh_tw/getway_text_zh_tw.lua
[CONVERTED] ../src_Jul_16_2021/data/tables/zh_tw/giftbag_text_zh_tw.lua
[CONVERTED] ../src_Jul_16_2021/data/tables/zh_tw/girls_model_text_zh_tw.lua
[CONVERTED] ../src_Jul_16_2021/data/tables/zh_tw/guide_1_text_zh_tw.lua
[CONVERTED] ../src_Jul_16_2021/data/tables/zh_tw/guild_log_text_zh_tw.lua
[CONVERTED] ../src_Jul_16_2021/data/tables/zh_tw/guild_skill_text_zh_tw.lua
[CONVERTED] ../src_Jul_16_2021/data/tables/zh_tw/house_furniture_group_text_zh_tw.lua
[CONVERTED] ../src_Jul_16_2021/data/tables/zh_tw/house_guide_text_zh_tw.lua
[CONVERTED] ../src_Jul_16_2021/data/tables/zh_tw/item_text_zh_tw.lua
[CONVERTED] ../src_Jul_16_2021/data/tables/zh_tw/mail_text_zh_tw.lua
[CONVERTED] ../src_Jul_16_2021/data/tables/zh_tw/old_building_buff_text_zh_tw.lua
[CONVERTED] ../src_Jul_16_2021/data/tables/zh_tw/partner_dialog_text_zh_tw.lua
[CONVERTED] ../src_Jul_16_2021/data/tables/zh_tw/partner_exskill_text_zh_tw.lua
[CONVERTED] ../src_Jul_16_2021/data/tables/zh_tw/partner_plot_text_zh_tw.lua
[CONVERTED] ../src_Jul_16_2021/data/tables/zh_tw/partner_text_zh_tw.lua
[CONVERTED] ../src_Jul_16_2021/data/tables/zh_tw/partner_warmup_plot_text_zh_tw.lua
[CONVERTED] ../src_Jul_16_2021/data/tables/zh_tw/pet_training_lesson_text_zh_tw.lua
[CONVERTED] ../src_Jul_16_2021/data/tables/zh_tw/pet_training_text_zh_tw.lua
[CONVERTED] ../src_Jul_16_2021/data/tables/zh_tw/questionnaire_options_text_zh_tw.lua
[CONVERTED] ../src_Jul_16_2021/data/tables/zh_tw/questionnaire_text_zh_tw.lua
[CONVERTED] ../src_Jul_16_2021/data/tables/zh_tw/setting_text_zh_tw.lua
[KEYERROR] tables/zh_tw/skill_text_zh_tw.csv
[ADDED COLUMN 2] unknown_2
[CONVERTED] ../src_Jul_16_2021/data/tables/zh_tw/skill_text_zh_tw.lua
[IGNORED] ../src_Jul_16_2021/data/tables/zh_tw/tips_activity_point_text_zh_tw.lua
[CONVERTED] ../src_Jul_16_2021/data/tables/zh_tw/translation_zh_tw.lua
[CONVERTED] ../src_Jul_16_2021/data/tables/zh_tw/vip_text_zh_tw.lua
[TO COMBINE] tables/dropbox1.csv tables/dropbox2.csv
[COMBINED] combined_tables/dropbox.csv
[TO COMBINE] tables/item1.csv tables/item2.csv
[COMBINED] combined_tables/item.csv
[TO COMBINE] tables/main_plot1.csv tables/main_plot2.csv tables/main_plot3.csv
[COMBINED] combined_tables/main_plot.csv
[TO COMBINE] tables/monster1.csv tables/monster2.csv tables/monster3.csv tables/monster4.csv tables/monster5.csv tables/monster6.csv tables/monster7.csv tables/monster8.csv
[COMBINED] combined_tables/monster.csv
[TO COMBINE] tables/skill1.csv tables/skill2.csv tables/skill3.csv tables/skill4.csv tables/skill5.csv tables/skill6.csv
[COMBINED] combined_tables/skill.csv
[TO COMBINE] tables/sound1.csv tables/sound2.csv
[COMBINED] combined_tables/sound.csv
