[CONVERTED] ../src/data/tables/achievement.lua
[CONVERTED] ../src/data/tables/achievement_type.lua
[CONVERTED] ../src/data/tables/activity.lua
[CONVERTED] ../src/data/tables/activity_2birthday_cake.lua
[CONVERTED] ../src/data/tables/activity_2birthday_cake_end.lua
[CONVERTED] ../src/data/tables/activity_3birthday_dinner.lua
[CONVERTED] ../src/data/tables/activity_3birthday_dinner_point.lua
[CONVERTED] ../src/data/tables/activity_3birthday_gamble.lua
[CONVERTED] ../src/data/tables/activity_3birthday_vip_awards.lua
[CONVERTED] ../src/data/tables/activity_arena.lua
[CONVERTED] ../src/data/tables/activity_beach_awards.lua
[CONVERTED] ../src/data/tables/activity_beach_boss.lua
[CONVERTED] ../src/data/tables/activity_beach_matchup.lua
[CONVERTED] ../src/data/tables/activity_birthday_colour.lua
[CONVERTED] ../src/data/tables/activity_birthday_colour_award.lua
[CONVERTED] ../src/data/tables/activity_black_card.lua
[CONVERTED] ../src/data/tables/activity_bomb_award.lua
[CONVERTED] ../src/data/tables/activity_bomb_make.lua
[CONVERTED] ../src/data/tables/activity_boss.lua
[CONVERTED] ../src/data/tables/activity_boss_award.lua
[CONVERTED] ../src/data/tables/activity_boss_type.lua
[CONVERTED] ../src/data/tables/activity_candy_collect.lua
[CONVERTED] ../src/data/tables/activity_candy_collect_task.lua
[CONVERTED] ../src/data/tables/activity_card.lua
[CONVERTED] ../src/data/tables/activity_chose_gift.lua
[CONVERTED] ../src/data/tables/activity_christmas_sale_awards.lua
[CONVERTED] ../src/data/tables/activity_christmas_sale_show.lua
[CONVERTED] ../src/data/tables/activity_compose.lua
[CONVERTED] ../src/data/tables/activity_compose_10.lua
[CONVERTED] ../src/data/tables/activity_course_learning.lua
[CONVERTED] ../src/data/tables/activity_course_learning_2.lua
[CONVERTED] ../src/data/tables/activity_crystal_ball.lua
[CONVERTED] ../src/data/tables/activity_crystal_ball_plot.lua
[CONVERTED] ../src/data/tables/activity_crystal_gift.lua
[CONVERTED] ../src/data/tables/activity_cv.lua
[CONVERTED] ../src/data/tables/activity_date_battle_cell.lua
[CONVERTED] ../src/data/tables/activity_date_boss.lua
[CONVERTED] ../src/data/tables/activity_date_buff.lua
[CONVERTED] ../src/data/tables/activity_date_cell.lua
[CONVERTED] ../src/data/tables/activity_date_chat_cell.lua
[CONVERTED] ../src/data/tables/activity_date_chat_childcell.lua
[CONVERTED] ../src/data/tables/activity_date_decision.lua
[CONVERTED] ../src/data/tables/activity_date_earn_cell.lua
[CONVERTED] ../src/data/tables/activity_date_map.lua
[CONVERTED] ../src/data/tables/activity_date_memory.lua
[CONVERTED] ../src/data/tables/activity_date_options.lua
[IGNORED] ../src/data/tables/activity_date_plot.lua
[CONVERTED] ../src/data/tables/activity_date_plot1.lua
[CONVERTED] ../src/data/tables/activity_date_plot2.lua
[CONVERTED] ../src/data/tables/activity_date_shop.lua
[CONVERTED] ../src/data/tables/activity_demo_fight.lua
[CONVERTED] ../src/data/tables/activity_doll_buy.lua
[CONVERTED] ../src/data/tables/activity_doll_exchange.lua
[CONVERTED] ../src/data/tables/activity_dragon_boat.lua
[CONVERTED] ../src/data/tables/activity_duanwu_chosen_award.lua
[CONVERTED] ../src/data/tables/activity_easter_egg.lua
[CONVERTED] ../src/data/tables/activity_easter_egg_point.lua
[CONVERTED] ../src/data/tables/activity_equip_gacha.lua
[CONVERTED] ../src/data/tables/activity_equip_gacha_task.lua
[CONVERTED] ../src/data/tables/activity_equip_levelup.lua
[CONVERTED] ../src/data/tables/activity_equip_levelup_suit.lua
[CONVERTED] ../src/data/tables/activity_exchange_award.lua
[CONVERTED] ../src/data/tables/activity_factory.lua
[CONVERTED] ../src/data/tables/activity_fair_arena_box_buff.lua
[CONVERTED] ../src/data/tables/activity_fair_arena_box_equip.lua
[CONVERTED] ../src/data/tables/activity_fair_arena_box_partner.lua
[CONVERTED] ../src/data/tables/activity_fair_arena_level.lua
[CONVERTED] ../src/data/tables/activity_fair_arena_rank.lua
[CONVERTED] ../src/data/tables/activity_fair_arena_robot.lua
[CONVERTED] ../src/data/tables/activity_fairytale.lua
[CONVERTED] ../src/data/tables/activity_fairytale_award1.lua
[CONVERTED] ../src/data/tables/activity_fairytale_award2.lua
[CONVERTED] ../src/data/tables/activity_fairytale_award3.lua
[CONVERTED] ../src/data/tables/activity_fairytale_battle.lua
[CONVERTED] ../src/data/tables/activity_fairytale_buff.lua
[CONVERTED] ../src/data/tables/activity_fairytale_cell.lua
[CONVERTED] ../src/data/tables/activity_fairytale_event.lua
[CONVERTED] ../src/data/tables/activity_fairytale_level.lua
[CONVERTED] ../src/data/tables/activity_fairytale_mission.lua
[CONVERTED] ../src/data/tables/activity_fairytale_option.lua
[CONVERTED] ../src/data/tables/activity_fairytale_plot_list.lua
[CONVERTED] ../src/data/tables/activity_fairytale_sell.lua
[CONVERTED] ../src/data/tables/activity_fairytale_shop.lua
[CONVERTED] ../src/data/tables/activity_fairytale_support.lua
[CONVERTED] ../src/data/tables/activity_festival.lua
[CONVERTED] ../src/data/tables/activity_festival_in_file1.lua
[CONVERTED] ../src/data/tables/activity_festival_in_file2.lua
[CONVERTED] ../src/data/tables/activity_festival_login.lua
[CONVERTED] ../src/data/tables/activity_fit_up_dorm.lua
[CONVERTED] ../src/data/tables/activity_food_festival_awards.lua
[CONVERTED] ../src/data/tables/activity_gacha.lua
[CONVERTED] ../src/data/tables/activity_gacha_new_server.lua
[CONVERTED] ../src/data/tables/activity_gacha_partner_award.lua
[CONVERTED] ../src/data/tables/activity_gamble.lua
[CONVERTED] ../src/data/tables/activity_gamble_plus.lua
[CONVERTED] ../src/data/tables/activity_gamble_plus_mission.lua
[CONVERTED] ../src/data/tables/activity_giftbag_optional.lua
[CONVERTED] ../src/data/tables/activity_giftbox.lua
[CONVERTED] ../src/data/tables/activity_graduate_gift.lua
[CONVERTED] ../src/data/tables/activity_guard.lua
[CONVERTED] ../src/data/tables/activity_halloween_award.lua
[CONVERTED] ../src/data/tables/activity_house.lua
[CONVERTED] ../src/data/tables/activity_ice_secret_awards.lua
[CONVERTED] ../src/data/tables/activity_ice_secret_boss_reward.lua
[CONVERTED] ../src/data/tables/activity_ice_secret_mission.lua
[CONVERTED] ../src/data/tables/activity_jackpot_exchange.lua
[CONVERTED] ../src/data/tables/activity_jackpot_list.lua
[CONVERTED] ../src/data/tables/activity_jackpot_machine.lua
[CONVERTED] ../src/data/tables/activity_jackpot_point.lua
[CONVERTED] ../src/data/tables/activity_jigsaw_award.lua
[CONVERTED] ../src/data/tables/activity_jigsaw_buy.lua
[CONVERTED] ../src/data/tables/activity_jigsaw_pic.lua
[CONVERTED] ../src/data/tables/activity_keyboard_award.lua
[CONVERTED] ../src/data/tables/activity_lafuli_award.lua
[CONVERTED] ../src/data/tables/activity_lafuli_buff.lua
[CONVERTED] ../src/data/tables/activity_lafuli_drift.lua
[CONVERTED] ../src/data/tables/activity_lafuli_shop.lua
[CONVERTED] ../src/data/tables/activity_level_push_optional.lua
[CONVERTED] ../src/data/tables/activity_level_up.lua
[CONVERTED] ../src/data/tables/activity_limit_boss_awards.lua
[CONVERTED] ../src/data/tables/activity_limit_exchange_awards.lua
[CONVERTED] ../src/data/tables/activity_limit_partner_awards.lua
[CONVERTED] ../src/data/tables/activity_limit_point_awards.lua
[CONVERTED] ../src/data/tables/activity_limited_task_award.lua
[CONVERTED] ../src/data/tables/activity_login.lua
[CONVERTED] ../src/data/tables/activity_love_point.lua
[CONVERTED] ../src/data/tables/activity_make_cake.lua
[CONVERTED] ../src/data/tables/activity_making_coffee.lua
[CONVERTED] ../src/data/tables/activity_making_coffee_award.lua
[CONVERTED] ../src/data/tables/activity_making_coffee_mission.lua
[CONVERTED] ../src/data/tables/activity_mission_point.lua
[CONVERTED] ../src/data/tables/activity_month_gift.lua
[CONVERTED] ../src/data/tables/activity_monthly_total.lua
[CONVERTED] ../src/data/tables/activity_music_day.lua
[CONVERTED] ../src/data/tables/activity_music_day_award.lua
[CONVERTED] ../src/data/tables/activity_music_game.lua
[IGNORED] ../src/data/tables/activity_music_game_stage.lua
[CONVERTED] ../src/data/tables/activity_music_game_stage1.lua
[CONVERTED] ../src/data/tables/activity_music_game_stage2.lua
[CONVERTED] ../src/data/tables/activity_music_plot_random.lua
[CONVERTED] ../src/data/tables/activity_new_first_recharge.lua
[CONVERTED] ../src/data/tables/activity_new_story.lua
[CONVERTED] ../src/data/tables/activity_new_story_award.lua
[CONVERTED] ../src/data/tables/activity_new_story_stage.lua
[CONVERTED] ../src/data/tables/activity_new_trial_boss_reward.lua
[CONVERTED] ../src/data/tables/activity_new_trial_buff.lua
[CONVERTED] ../src/data/tables/activity_new_trial_offset.lua
[CONVERTED] ../src/data/tables/activity_new_trial_stage.lua
[CONVERTED] ../src/data/tables/activity_newbee_fund.lua
[CONVERTED] ../src/data/tables/activity_newbee_fund2.lua
[CONVERTED] ../src/data/tables/activity_newbee_gacha.lua
[CONVERTED] ../src/data/tables/activity_newbee_lesson.lua
[CONVERTED] ../src/data/tables/activity_newbee_lesson_2.lua
[CONVERTED] ../src/data/tables/activity_newyear_award.lua
[CONVERTED] ../src/data/tables/activity_newyear_welfare.lua
[CONVERTED] ../src/data/tables/activity_nsshaft_award1.lua
[CONVERTED] ../src/data/tables/activity_nsshaft_award2.lua
[IGNORED] ../src/data/tables/activity_nsshaft_stage.lua
[CONVERTED] ../src/data/tables/activity_old_building.lua
[CONVERTED] ../src/data/tables/activity_old_building_area.lua
[CONVERTED] ../src/data/tables/activity_old_building_award1.lua
[CONVERTED] ../src/data/tables/activity_old_building_award2.lua
[CONVERTED] ../src/data/tables/activity_old_building_buff.lua
[CONVERTED] ../src/data/tables/activity_old_building_stage.lua
[CONVERTED] ../src/data/tables/activity_partner_gallery_award.lua
[CONVERTED] ../src/data/tables/activity_partner_gallery_point.lua
[CONVERTED] ../src/data/tables/activity_partner_jackpot.lua
[CONVERTED] ../src/data/tables/activity_partner_miracle.lua
[CONVERTED] ../src/data/tables/activity_pet_task.lua
[IGNORED] ../src/data/tables/activity_plot.lua
[CONVERTED] ../src/data/tables/activity_plot1.lua
[CONVERTED] ../src/data/tables/activity_plot2.lua
[CONVERTED] ../src/data/tables/activity_plot3.lua
[CONVERTED] ../src/data/tables/activity_plot4.lua
[CONVERTED] ../src/data/tables/activity_plot5.lua
[CONVERTED] ../src/data/tables/activity_plot_finish.lua
[CONVERTED] ../src/data/tables/activity_plot_fort.lua
[CONVERTED] ../src/data/tables/activity_plot_list.lua
[CONVERTED] ../src/data/tables/activity_point_giftbox.lua
[CONVERTED] ../src/data/tables/activity_popularity_vote_award.lua
[CONVERTED] ../src/data/tables/activity_popularity_vote_list.lua
[CONVERTED] ../src/data/tables/activity_popularity_vote_task.lua
[CONVERTED] ../src/data/tables/activity_pray_award.lua
[CONVERTED] ../src/data/tables/activity_pray_partner.lua
[CONVERTED] ../src/data/tables/activity_pub_mission.lua
[CONVERTED] ../src/data/tables/activity_puppet_award.lua
[CONVERTED] ../src/data/tables/activity_recharge.lua
[CONVERTED] ../src/data/tables/activity_red_riding_hood.lua
[CONVERTED] ../src/data/tables/activity_return2_add.lua
[CONVERTED] ../src/data/tables/activity_return2_gift_optional.lua
[CONVERTED] ../src/data/tables/activity_return2_reward.lua
[CONVERTED] ../src/data/tables/activity_return_pmission.lua
[CONVERTED] ../src/data/tables/activity_return_shop.lua
[CONVERTED] ../src/data/tables/activity_return_tmission.lua
[CONVERTED] ../src/data/tables/activity_ring_giftbag.lua
[CONVERTED] ../src/data/tables/activity_sakura_date_award.lua
[CONVERTED] ../src/data/tables/activity_school_explore.lua
[CONVERTED] ../src/data/tables/activity_school_explore_award.lua
[CONVERTED] ../src/data/tables/activity_school_explore_award1.lua
[CONVERTED] ../src/data/tables/activity_school_explore_award2.lua
[CONVERTED] ../src/data/tables/activity_school_explore_event.lua
[CONVERTED] ../src/data/tables/activity_school_gift.lua
[CONVERTED] ../src/data/tables/activity_school_gift_exchange.lua
[CONVERTED] ../src/data/tables/activity_search_book.lua
[CONVERTED] ../src/data/tables/activity_server_open.lua
[CONVERTED] ../src/data/tables/activity_sevendays_awards.lua
[CONVERTED] ../src/data/tables/activity_shelter.lua
[CONVERTED] ../src/data/tables/activity_shop_hero.lua
[CONVERTED] ../src/data/tables/activity_shop_new_trial.lua
[CONVERTED] ../src/data/tables/activity_smash_egg.lua
[CONVERTED] ../src/data/tables/activity_smash_egg_awards.lua
[CONVERTED] ../src/data/tables/activity_space_explore_map.lua
[CONVERTED] ../src/data/tables/activity_space_explore_mission.lua
[CONVERTED] ../src/data/tables/activity_space_explore_monster.lua
[CONVERTED] ../src/data/tables/activity_space_explore_partner.lua
[CONVERTED] ../src/data/tables/activity_space_explore_place.lua
[CONVERTED] ../src/data/tables/activity_space_explore_reward.lua
[CONVERTED] ../src/data/tables/activity_space_explore_skill.lua
[CONVERTED] ../src/data/tables/activity_sports_achievement.lua
[CONVERTED] ../src/data/tables/activity_sports_achv_type.lua
[CONVERTED] ../src/data/tables/activity_sports_battle_award.lua
[CONVERTED] ../src/data/tables/activity_sports_energy.lua
[CONVERTED] ../src/data/tables/activity_sports_mission.lua
[CONVERTED] ../src/data/tables/activity_sports_point.lua
[CONVERTED] ../src/data/tables/activity_sports_pvpscore.lua
[CONVERTED] ../src/data/tables/activity_sports_rank_award1.lua
[CONVERTED] ../src/data/tables/activity_sports_rank_award2.lua
[CONVERTED] ../src/data/tables/activity_sports_rank_award3.lua
[CONVERTED] ../src/data/tables/activity_sports_robot.lua
[CONVERTED] ../src/data/tables/activity_spring_festival_award.lua
[CONVERTED] ../src/data/tables/activity_spring_festival_point.lua
[CONVERTED] ../src/data/tables/activity_spring_festival_task.lua
[CONVERTED] ../src/data/tables/activity_sprouts_cost_award.lua
[CONVERTED] ../src/data/tables/activity_sprouts_height_award.lua
[CONVERTED] ../src/data/tables/activity_sprouts_mission.lua
[CONVERTED] ../src/data/tables/activity_sprouts_partner_award.lua
[CONVERTED] ../src/data/tables/activity_study_award.lua
[CONVERTED] ../src/data/tables/activity_study_quest.lua
[CONVERTED] ../src/data/tables/activity_study_score.lua
[CONVERTED] ../src/data/tables/activity_swimsuit_costaward.lua
[CONVERTED] ../src/data/tables/activity_swimsuit_mission.lua
[CONVERTED] ../src/data/tables/activity_swimsuit_plot.lua
[CONVERTED] ../src/data/tables/activity_swimsuit_storyaward.lua
[CONVERTED] ../src/data/tables/activity_therm_story.lua
[CONVERTED] ../src/data/tables/activity_therm_story_award.lua
[CONVERTED] ../src/data/tables/activity_therm_story_stage.lua
[CONVERTED] ../src/data/tables/activity_time_gamble.lua
[CONVERTED] ../src/data/tables/activity_time_mission.lua
[CONVERTED] ../src/data/tables/activity_time_mission_tab.lua
[CONVERTED] ../src/data/tables/activity_time_partner_award.lua
[CONVERTED] ../src/data/tables/activity_time_point_award.lua
[CONVERTED] ../src/data/tables/activity_time_shop.lua
[CONVERTED] ../src/data/tables/activity_tour.lua
[CONVERTED] ../src/data/tables/activity_tour_item.lua
[CONVERTED] ../src/data/tables/activity_tour_plot.lua
[CONVERTED] ../src/data/tables/activity_tower_fund_giftbag.lua
[CONVERTED] ../src/data/tables/activity_tree.lua
[CONVERTED] ../src/data/tables/activity_tree_group_award.lua
[CONVERTED] ../src/data/tables/activity_turing_task.lua
[CONVERTED] ../src/data/tables/activity_valentine_awards.lua
[CONVERTED] ../src/data/tables/activity_valentine_plot.lua
[CONVERTED] ../src/data/tables/activity_warm_card_award.lua
[CONVERTED] ../src/data/tables/activity_warmup_arena_award.lua
[CONVERTED] ../src/data/tables/activity_warmup_arena_equip.lua
[CONVERTED] ../src/data/tables/activity_warmup_arena_match.lua
[CONVERTED] ../src/data/tables/activity_warmup_arena_partner.lua
[CONVERTED] ../src/data/tables/activity_warmup_arena_score.lua
[CONVERTED] ../src/data/tables/activity_warmup_guess_battle.lua
[CONVERTED] ../src/data/tables/activity_warmup_guess_monster.lua
[CONVERTED] ../src/data/tables/activity_wedding_vote2_award.lua
[CONVERTED] ../src/data/tables/activity_wedding_vote2_list.lua
[CONVERTED] ../src/data/tables/activity_wedding_vote2_mission.lua
[CONVERTED] ../src/data/tables/activity_wedding_vote2_rank.lua
[CONVERTED] ../src/data/tables/activity_wedding_vote_award.lua
[CONVERTED] ../src/data/tables/activity_wedding_vote_list.lua
[CONVERTED] ../src/data/tables/activity_wedding_vote_mission.lua
[CONVERTED] ../src/data/tables/activity_week_award1.lua
[CONVERTED] ../src/data/tables/activity_week_buy.lua
[CONVERTED] ../src/data/tables/activity_week_exchange.lua
[CONVERTED] ../src/data/tables/activity_week_free.lua
[CONVERTED] ../src/data/tables/activity_week_mission.lua
[CONVERTED] ../src/data/tables/activity_week_score.lua
[CONVERTED] ../src/data/tables/activity_wish_gacha.lua
[CONVERTED] ../src/data/tables/activity_year_fund.lua
[CONVERTED] ../src/data/tables/annual_report.lua
[CONVERTED] ../src/data/tables/appointment.lua
[CONVERTED] ../src/data/tables/arena_all_server_attr_ratio.lua
[CONVERTED] ../src/data/tables/arena_all_server_award.lua
[CONVERTED] ../src/data/tables/arena_battle_award.lua
[CONVERTED] ../src/data/tables/arena_battle_award_3v3.lua
[CONVERTED] ../src/data/tables/arena_match.lua
[CONVERTED] ../src/data/tables/arena_rank_award.lua
[CONVERTED] ../src/data/tables/arena_rank_award_3v3.lua
[CONVERTED] ../src/data/tables/arena_rank_award_team.lua
[CONVERTED] ../src/data/tables/arena_robot.lua
[CONVERTED] ../src/data/tables/arena_score.lua
[CONVERTED] ../src/data/tables/battle.lua
[CONVERTED] ../src/data/tables/battle_target.lua
[CONVERTED] ../src/data/tables/battle_trigger.lua
[CONVERTED] ../src/data/tables/battlepass.lua
[CONVERTED] ../src/data/tables/battlepass_2.lua
[CONVERTED] ../src/data/tables/battlepass_award.lua
[CONVERTED] ../src/data/tables/battlepass_award_2.lua
[CONVERTED] ../src/data/tables/battlepass_mission.lua
[CONVERTED] ../src/data/tables/be_stronger.lua
[CONVERTED] ../src/data/tables/beginner_quest.lua
[CONVERTED] ../src/data/tables/beginner_quest_board.lua
[CONVERTED] ../src/data/tables/buff.lua
[CONVERTED] ../src/data/tables/collection.lua
[CONVERTED] ../src/data/tables/comic.lua
[CONVERTED] ../src/data/tables/cost_total_grade.lua
[CONVERTED] ../src/data/tables/cost_total_treasure.lua
[CONVERTED] ../src/data/tables/custom_background.lua
[CONVERTED] ../src/data/tables/custom_background_group.lua
[CONVERTED] ../src/data/tables/custom_background_unlock.lua
[CONVERTED] ../src/data/tables/daily_mail_award.lua
[CONVERTED] ../src/data/tables/daily_mission.lua
[CONVERTED] ../src/data/tables/dates_gifts.lua
[CONVERTED] ../src/data/tables/device_notify.lua
[CONVERTED] ../src/data/tables/device_notify_category.lua
[CONVERTED] ../src/data/tables/device_red_mark.lua
[KEYERROR] tables/direct.csv
[ADDED COLUMN 3] unknown_3
[CONVERTED] ../src/data/tables/direct.lua
[CONVERTED] ../src/data/tables/direct_array.lua
[CONVERTED] ../src/data/tables/direct_label.lua
[CONVERTED] ../src/data/tables/direct_label_type.lua
[CONVERTED] ../src/data/tables/direct_monster.lua
[IGNORED] ../src/data/tables/dropbox.lua
[CONVERTED] ../src/data/tables/dropbox1.lua
[CONVERTED] ../src/data/tables/dropbox2.lua
[CONVERTED] ../src/data/tables/dropbox_show.lua
[CONVERTED] ../src/data/tables/dungeon.lua
[CONVERTED] ../src/data/tables/dungeon_battle.lua
[CONVERTED] ../src/data/tables/dungeon_drug.lua
[CONVERTED] ../src/data/tables/dungeon_shop.lua
[CONVERTED] ../src/data/tables/dynamic_gift_item.lua
[CONVERTED] ../src/data/tables/effect.lua
[CONVERTED] ../src/data/tables/emoticon.lua
[CONVERTED] ../src/data/tables/emoticon_gif.lua
[CONVERTED] ../src/data/tables/en_en/achievement_text_en_en.lua
[CONVERTED] ../src/data/tables/en_en/activity_boss_dialogue_text_en_en.lua
[CONVERTED] ../src/data/tables/en_en/activity_candy_collect_text_en_en.lua
[CONVERTED] ../src/data/tables/en_en/activity_crystal_ball_plot_text_en_en.lua
[CONVERTED] ../src/data/tables/en_en/activity_crystal_ball_text_en_en.lua
[CONVERTED] ../src/data/tables/en_en/activity_date_boss_text_en_en.lua
[CONVERTED] ../src/data/tables/en_en/activity_date_buff_text_en_en.lua
[CONVERTED] ../src/data/tables/en_en/activity_date_cell_text_en_en.lua
[CONVERTED] ../src/data/tables/en_en/activity_date_decision_text_en_en.lua
[CONVERTED] ../src/data/tables/en_en/activity_date_earn_text_en_en.lua
[CONVERTED] ../src/data/tables/en_en/activity_date_memory_text_en_en.lua
[CONVERTED] ../src/data/tables/en_en/activity_date_options_text_en_en.lua
[CONVERTED] ../src/data/tables/en_en/activity_date_plot_text_en_en.lua
[CONVERTED] ../src/data/tables/en_en/activity_easter_egg_text_en_en.lua
[CONVERTED] ../src/data/tables/en_en/activity_factory_text_en_en.lua
[CONVERTED] ../src/data/tables/en_en/activity_fair_arena_box_buff_text_en_en.lua
[CONVERTED] ../src/data/tables/en_en/activity_fairytale_award3_text_en_en.lua
[CONVERTED] ../src/data/tables/en_en/activity_fairytale_buff_text_en_en.lua
[CONVERTED] ../src/data/tables/en_en/activity_fairytale_cell_text_en_en.lua
[CONVERTED] ../src/data/tables/en_en/activity_fairytale_event_text_en_en.lua
[CONVERTED] ../src/data/tables/en_en/activity_fairytale_mission_text_en_en.lua
[CONVERTED] ../src/data/tables/en_en/activity_fairytale_option_text_en_en.lua
[CONVERTED] ../src/data/tables/en_en/activity_fairytale_plot_text_en_en.lua
[CONVERTED] ../src/data/tables/en_en/activity_festival_text_en_en.lua
[CONVERTED] ../src/data/tables/en_en/activity_fit_up_dorm_text_en_en.lua
[CONVERTED] ../src/data/tables/en_en/activity_gamble_mission_text_en_en.lua
[CONVERTED] ../src/data/tables/en_en/activity_giftbox_text_en_en.lua
[CONVERTED] ../src/data/tables/en_en/activity_guard_text_en_en.lua
[CONVERTED] ../src/data/tables/en_en/activity_ice_secret_mission_text_en_en.lua
[CONVERTED] ../src/data/tables/en_en/activity_jigsaw_pic_text_en_en.lua
[CONVERTED] ../src/data/tables/en_en/activity_lafuli_drift_text_en_en.lua
[CONVERTED] ../src/data/tables/en_en/activity_limited_task_text_en_en.lua
[CONVERTED] ../src/data/tables/en_en/activity_monthly_total_text_en_en.lua
[CONVERTED] ../src/data/tables/en_en/activity_music_game_text_en_en.lua
[CONVERTED] ../src/data/tables/en_en/activity_newbee_lesson_text_en_en.lua
[CONVERTED] ../src/data/tables/en_en/activity_old_building_area_text_en_en.lua
[CONVERTED] ../src/data/tables/en_en/activity_old_building_buff_text_en_en.lua
[CONVERTED] ../src/data/tables/en_en/activity_old_building_lou_text_en_en.lua
[CONVERTED] ../src/data/tables/en_en/activity_partner_jackpot_text_en_en.lua
[CONVERTED] ../src/data/tables/en_en/activity_pet_task_text_en_en.lua
[CONVERTED] ../src/data/tables/en_en/activity_plot_fort_text_en_en.lua
[CONVERTED] ../src/data/tables/en_en/activity_plot_list_text_en_en.lua
[CONVERTED] ../src/data/tables/en_en/activity_plot_text_en_en.lua
[CONVERTED] ../src/data/tables/en_en/activity_popularity_vote_text_en_en.lua
[CONVERTED] ../src/data/tables/en_en/activity_return_pmission_text_en_en.lua
[CONVERTED] ../src/data/tables/en_en/activity_return_tmission_text_en_en.lua
[CONVERTED] ../src/data/tables/en_en/activity_school_explore_text_en_en.lua
[CONVERTED] ../src/data/tables/en_en/activity_search_book_text_en_en.lua
[CONVERTED] ../src/data/tables/en_en/activity_space_explore_mission_text_en_en.lua
[CONVERTED] ../src/data/tables/en_en/activity_space_explore_skill_text_en_en.lua
[CONVERTED] ../src/data/tables/en_en/activity_sports_achievement_text_en_en.lua
[CONVERTED] ../src/data/tables/en_en/activity_sports_mission_text_en_en.lua
[CONVERTED] ../src/data/tables/en_en/activity_study_quest_text_en_en.lua
[CONVERTED] ../src/data/tables/en_en/activity_study_score_text_en_en.lua
[CONVERTED] ../src/data/tables/en_en/activity_swimsuit_plot_text_en_en.lua
[CONVERTED] ../src/data/tables/en_en/activity_swimsuit_story_text_en_en.lua
[CONVERTED] ../src/data/tables/en_en/activity_text_en_en.lua
[CONVERTED] ../src/data/tables/en_en/activity_therm_story_text_en_en.lua
[CONVERTED] ../src/data/tables/en_en/activity_time_mission_text_en_en.lua
[CONVERTED] ../src/data/tables/en_en/activity_tour_plot_text_en_en.lua
[CONVERTED] ../src/data/tables/en_en/activity_turing_task_text_en_en.lua
[CONVERTED] ../src/data/tables/en_en/activity_valentine_plot_text_en_en.lua
[CONVERTED] ../src/data/tables/en_en/activity_week_exchange_text_en_en.lua
[CONVERTED] ../src/data/tables/en_en/activity_week_mission_text_en_en.lua
[CONVERTED] ../src/data/tables/en_en/appointment_partner_data_text_en_en.lua
[CONVERTED] ../src/data/tables/en_en/appointment_text_en_en.lua
[CONVERTED] ../src/data/tables/en_en/arena_all_server_award_text_en_en.lua
[CONVERTED] ../src/data/tables/en_en/battlepass_mission_text_en_en.lua
[CONVERTED] ../src/data/tables/en_en/be_stronger_text_en_en.lua
[CONVERTED] ../src/data/tables/en_en/beginner_quest_text_en_en.lua
[CONVERTED] ../src/data/tables/en_en/buff_text_en_en.lua
[CONVERTED] ../src/data/tables/en_en/collection_text_en_en.lua
[CONVERTED] ../src/data/tables/en_en/comic_en_en.lua
[CONVERTED] ../src/data/tables/en_en/comic_text_en_en.lua
[CONVERTED] ../src/data/tables/en_en/community_en_en.lua
[CONVERTED] ../src/data/tables/en_en/custom_background_text_en_en.lua
[CONVERTED] ../src/data/tables/en_en/custom_background_type_text_en_en.lua
[CONVERTED] ../src/data/tables/en_en/daily_mission_text_en_en.lua
[CONVERTED] ../src/data/tables/en_en/device_notify_category_text_en_en.lua
[CONVERTED] ../src/data/tables/en_en/device_notify_text_en_en.lua
[CONVERTED] ../src/data/tables/en_en/device_red_mark_text_en_en.lua
[CONVERTED] ../src/data/tables/en_en/direct_artifact_text_en_en.lua
[CONVERTED] ../src/data/tables/en_en/direct_label_text_en_en.lua
[CONVERTED] ../src/data/tables/en_en/direct_text_en_en.lua
[CONVERTED] ../src/data/tables/en_en/dungeon_drug_text_en_en.lua
[CONVERTED] ../src/data/tables/en_en/emoticon_gif_text_en_en.lua
[CONVERTED] ../src/data/tables/en_en/emoticon_text_en_en.lua
[CONVERTED] ../src/data/tables/en_en/equip_text_en_en.lua
[CONVERTED] ../src/data/tables/en_en/error_info_text_en_en.lua
[CONVERTED] ../src/data/tables/en_en/fb_share_en_en.lua
[CONVERTED] ../src/data/tables/en_en/fort_text_en_en.lua
[CONVERTED] ../src/data/tables/en_en/function_text_en_en.lua
[CONVERTED] ../src/data/tables/en_en/getway_item_text_en_en.lua
[CONVERTED] ../src/data/tables/en_en/getway_text_en_en.lua
[CONVERTED] ../src/data/tables/en_en/giftbag_text_en_en.lua
[CONVERTED] ../src/data/tables/en_en/girls_img_text_en_en.lua
[CONVERTED] ../src/data/tables/en_en/girls_model_text_en_en.lua
[CONVERTED] ../src/data/tables/en_en/govern_guide_text_en_en.lua
[CONVERTED] ../src/data/tables/en_en/govern_team_text_en_en.lua
[CONVERTED] ../src/data/tables/en_en/govern_team_weather_text_en_en.lua
[CONVERTED] ../src/data/tables/en_en/group_buff_text_en_en.lua
[CONVERTED] ../src/data/tables/en_en/group_text_en_en.lua
[CONVERTED] ../src/data/tables/en_en/guide_1_text_en_en.lua
[CONVERTED] ../src/data/tables/en_en/guide_2_text_en_en.lua
[CONVERTED] ../src/data/tables/en_en/guide_3_text_en_en.lua
[CONVERTED] ../src/data/tables/en_en/guild_boss_text_en_en.lua
[CONVERTED] ../src/data/tables/en_en/guild_guide_text_en_en.lua
[CONVERTED] ../src/data/tables/en_en/guild_log_text_en_en.lua
[CONVERTED] ../src/data/tables/en_en/guild_skill_text_en_en.lua
[CONVERTED] ../src/data/tables/en_en/house_dialog_text_en_en.lua
[CONVERTED] ../src/data/tables/en_en/house_furniture_group_text_en_en.lua
[CONVERTED] ../src/data/tables/en_en/house_guide_text_en_en.lua
[CONVERTED] ../src/data/tables/en_en/item_exchange_text_en_en.lua
[CONVERTED] ../src/data/tables/en_en/item_filter_type_text_en_en.lua
[CONVERTED] ../src/data/tables/en_en/item_text_en_en.lua
[CONVERTED] ../src/data/tables/en_en/job_text_en_en.lua
[CONVERTED] ../src/data/tables/en_en/loading_tips_text_en_en.lua
[CONVERTED] ../src/data/tables/en_en/mail_text_en_en.lua
[CONVERTED] ../src/data/tables/en_en/main_plot_episode_text_en_en.lua
[CONVERTED] ../src/data/tables/en_en/main_plot_fort_text_en_en.lua
[CONVERTED] ../src/data/tables/en_en/main_plot_list_text_en_en.lua
[CONVERTED] ../src/data/tables/en_en/main_plot_text_en_en.lua
[CONVERTED] ../src/data/tables/en_en/map_text_en_en.lua
[KEYERROR] tables/en_en/message_push_text_en_en.csv
[ADDED COLUMN 3] unknown_3
[CONVERTED] ../src/data/tables/en_en/message_push_text_en_en.lua
[CONVERTED] ../src/data/tables/en_en/new_trial_buff_text_en_en.lua
[CONVERTED] ../src/data/tables/en_en/new_trial_plot_text_en_en.lua
[CONVERTED] ../src/data/tables/en_en/notice_text_en_en.lua
[CONVERTED] ../src/data/tables/en_en/old_building_buff_text_en_en.lua
[CONVERTED] ../src/data/tables/en_en/old_building_floor_text_en_en.lua
[CONVERTED] ../src/data/tables/en_en/partner_achievement_text_en_en.lua
[CONVERTED] ../src/data/tables/en_en/partner_challenge_buff_text_en_en.lua
[CONVERTED] ../src/data/tables/en_en/partner_challenge_chess_text_en_en.lua
[CONVERTED] ../src/data/tables/en_en/partner_challenge_mission_text_en_en.lua
[CONVERTED] ../src/data/tables/en_en/partner_challenge_speed_text_en_en.lua
[CONVERTED] ../src/data/tables/en_en/partner_challenge_text_en_en.lua
[CONVERTED] ../src/data/tables/en_en/partner_challenge_type_text_en_en.lua
[CONVERTED] ../src/data/tables/en_en/partner_dialog_text_en_en.lua
[CONVERTED] ../src/data/tables/en_en/partner_dialog_type_text_en_en.lua
[CONVERTED] ../src/data/tables/en_en/partner_exskill_guide_text_en_en.lua
[CONVERTED] ../src/data/tables/en_en/partner_exskill_text_en_en.lua
[CONVERTED] ../src/data/tables/en_en/partner_plot_text_en_en.lua
[CONVERTED] ../src/data/tables/en_en/partner_text_en_en.lua
[CONVERTED] ../src/data/tables/en_en/partner_warmup_plot_text_en_en.lua
[CONVERTED] ../src/data/tables/en_en/pet_exskill_guide_text_en_en.lua
[CONVERTED] ../src/data/tables/en_en/pet_skill_text_en_en.lua
[CONVERTED] ../src/data/tables/en_en/pet_story_text_en_en.lua
[CONVERTED] ../src/data/tables/en_en/pet_text_en_en.lua
[CONVERTED] ../src/data/tables/en_en/pet_training_lesson_text_en_en.lua
[CONVERTED] ../src/data/tables/en_en/pet_training_text_en_en.lua
[CONVERTED] ../src/data/tables/en_en/player_return_story_text_en_en.lua
[CONVERTED] ../src/data/tables/en_en/pub_mission_name_text_en_en.lua
[CONVERTED] ../src/data/tables/en_en/questionnaire_options_text_en_en.lua
[CONVERTED] ../src/data/tables/en_en/questionnaire_text_en_en.lua
[CONVERTED] ../src/data/tables/en_en/random_name_text_en_en.lua
[CONVERTED] ../src/data/tables/en_en/school_practise_guide_text_en_en.lua
[CONVERTED] ../src/data/tables/en_en/server_map_text_en_en.lua
[CONVERTED] ../src/data/tables/en_en/setting_text_en_en.lua
[CONVERTED] ../src/data/tables/en_en/shop_config_text_en_en.lua
[KEYERROR] tables/en_en/skill_text_en_en.csv
[ADDED COLUMN 2] unknown_2
[CONVERTED] ../src/data/tables/en_en/skill_text_en_en.lua
[CONVERTED] ../src/data/tables/en_en/skin_text_en_en.lua
[CONVERTED] ../src/data/tables/en_en/spirit_set_text_en_en.lua
[CONVERTED] ../src/data/tables/en_en/spirit_text_en_en.lua
[CONVERTED] ../src/data/tables/en_en/stage_text_en_en.lua
[CONVERTED] ../src/data/tables/en_en/test_mission_text_en_en.lua
[CONVERTED] ../src/data/tables/en_en/tips_activity_point_text_en_en.lua
[CONVERTED] ../src/data/tables/en_en/translation_2_en_en.lua
[CONVERTED] ../src/data/tables/en_en/translation_en_en.lua
[CONVERTED] ../src/data/tables/en_en/vip_text_en_en.lua
[CONVERTED] ../src/data/tables/en_en/weak_guide_text_en_en.lua
[CONVERTED] ../src/data/tables/equip.lua
[CONVERTED] ../src/data/tables/equip_levelup_guide.lua
[CONVERTED] ../src/data/tables/exp_partner.lua
[CONVERTED] ../src/data/tables/exp_pet.lua
[CONVERTED] ../src/data/tables/exp_player.lua
[CONVERTED] ../src/data/tables/fight_test_partner.lua
[CONVERTED] ../src/data/tables/fight_test_team.lua
[CONVERTED] ../src/data/tables/filterword.lua
[CONVERTED] ../src/data/tables/filterword_super.lua
[CONVERTED] ../src/data/tables/fort.lua
[CONVERTED] ../src/data/tables/friend_boss.lua
[CONVERTED] ../src/data/tables/friend_boss_help_award.lua
[CONVERTED] ../src/data/tables/friend_boss_new.lua
[CONVERTED] ../src/data/tables/friend_rank.lua
[CONVERTED] ../src/data/tables/func_guide.lua
[CONVERTED] ../src/data/tables/function.lua
[CONVERTED] ../src/data/tables/fx.lua
[CONVERTED] ../src/data/tables/gamble.lua
[CONVERTED] ../src/data/tables/gamble_config.lua
[CONVERTED] ../src/data/tables/gamble_up.lua
[CONVERTED] ../src/data/tables/getway.lua
[CONVERTED] ../src/data/tables/getway_equip.lua
[CONVERTED] ../src/data/tables/getway_item.lua
[CONVERTED] ../src/data/tables/gift.lua
[CONVERTED] ../src/data/tables/gift_double.lua
[CONVERTED] ../src/data/tables/giftbag.lua
[CONVERTED] ../src/data/tables/giftbox_optional.lua
[CONVERTED] ../src/data/tables/giftcode_group.lua
[CONVERTED] ../src/data/tables/giftcode_list.lua
[CONVERTED] ../src/data/tables/girls_img.lua
[CONVERTED] ../src/data/tables/girls_model.lua
[CONVERTED] ../src/data/tables/girlsh5_item_type_config.lua
[CONVERTED] ../src/data/tables/girlsh5_item_type_desc.lua
[CONVERTED] ../src/data/tables/girsh5_item_type_config.lua
[CONVERTED] ../src/data/tables/girsh5_item_type_desc.lua
[CONVERTED] ../src/data/tables/gm_avatar.lua
[CONVERTED] ../src/data/tables/govern_flag.lua
[CONVERTED] ../src/data/tables/govern_guide.lua
[CONVERTED] ../src/data/tables/govern_team.lua
[CONVERTED] ../src/data/tables/govern_team_award.lua
[CONVERTED] ../src/data/tables/govern_team_weather.lua
[CONVERTED] ../src/data/tables/govern_team_weather_deploy.lua
[CONVERTED] ../src/data/tables/group.lua
[CONVERTED] ../src/data/tables/group_buff.lua
[CONVERTED] ../src/data/tables/guide_1.lua
[CONVERTED] ../src/data/tables/guide_2.lua
[CONVERTED] ../src/data/tables/guide_3.lua
[CONVERTED] ../src/data/tables/guild_boss.lua
[CONVERTED] ../src/data/tables/guild_boss_rank.lua
[CONVERTED] ../src/data/tables/guild_competition_boss.lua
[CONVERTED] ../src/data/tables/guild_competition_group_rank.lua
[CONVERTED] ../src/data/tables/guild_competition_personal_rank.lua
[CONVERTED] ../src/data/tables/guild_exp.lua
[CONVERTED] ../src/data/tables/guild_final_boss_award.lua
[CONVERTED] ../src/data/tables/guild_flag.lua
[CONVERTED] ../src/data/tables/guild_guide.lua
[CONVERTED] ../src/data/tables/guild_mill.lua
[CONVERTED] ../src/data/tables/guild_order.lua
[CONVERTED] ../src/data/tables/guild_skill.lua
[CONVERTED] ../src/data/tables/guild_skill_restore.lua
[CONVERTED] ../src/data/tables/guild_trader.lua
[CONVERTED] ../src/data/tables/guild_war_final_award.lua
[CONVERTED] ../src/data/tables/guild_war_point_award.lua
[CONVERTED] ../src/data/tables/house_award.lua
[CONVERTED] ../src/data/tables/house_dialog.lua
[CONVERTED] ../src/data/tables/house_dialog_list.lua
[CONVERTED] ../src/data/tables/house_floor.lua
[CONVERTED] ../src/data/tables/house_furniture.lua
[CONVERTED] ../src/data/tables/house_furniture_effect.lua
[CONVERTED] ../src/data/tables/house_furniture_group.lua
[CONVERTED] ../src/data/tables/house_furniture_unit.lua
[CONVERTED] ../src/data/tables/house_guide.lua
[CONVERTED] ../src/data/tables/house_partner.lua
[CONVERTED] ../src/data/tables/house_slot.lua
[CONVERTED] ../src/data/tables/img_guide.lua
[IGNORED] ../src/data/tables/item.lua
[CONVERTED] ../src/data/tables/item1.lua
[CONVERTED] ../src/data/tables/item2.lua
[CONVERTED] ../src/data/tables/item_exchange.lua
[CONVERTED] ../src/data/tables/ja_jp/achievement_text_ja_jp.lua
[CONVERTED] ../src/data/tables/ja_jp/activity_boss_dialogue_text_ja_jp.lua
[CONVERTED] ../src/data/tables/ja_jp/activity_candy_collect_text_ja_jp.lua
[CONVERTED] ../src/data/tables/ja_jp/activity_crystal_ball_plot_text_ja_jp.lua
[CONVERTED] ../src/data/tables/ja_jp/activity_crystal_ball_text_ja_jp.lua
[CONVERTED] ../src/data/tables/ja_jp/activity_date_boss_text_ja_jp.lua
[CONVERTED] ../src/data/tables/ja_jp/activity_date_buff_text_ja_jp.lua
[CONVERTED] ../src/data/tables/ja_jp/activity_date_cell_text_ja_jp.lua
[CONVERTED] ../src/data/tables/ja_jp/activity_date_decision_text_ja_jp.lua
[CONVERTED] ../src/data/tables/ja_jp/activity_date_earn_text_ja_jp.lua
[CONVERTED] ../src/data/tables/ja_jp/activity_date_memory_text_ja_jp.lua
[CONVERTED] ../src/data/tables/ja_jp/activity_date_options_text_ja_jp.lua
[CONVERTED] ../src/data/tables/ja_jp/activity_date_plot_text_ja_jp.lua
[CONVERTED] ../src/data/tables/ja_jp/activity_easter_egg_text_ja_jp.lua
[CONVERTED] ../src/data/tables/ja_jp/activity_factory_text_ja_jp.lua
[CONVERTED] ../src/data/tables/ja_jp/activity_fair_arena_box_buff_text_ja_jp.lua
[CONVERTED] ../src/data/tables/ja_jp/activity_fairytale_award3_text_ja_jp.lua
[CONVERTED] ../src/data/tables/ja_jp/activity_fairytale_buff_text_ja_jp.lua
[CONVERTED] ../src/data/tables/ja_jp/activity_fairytale_cell_text_ja_jp.lua
[CONVERTED] ../src/data/tables/ja_jp/activity_fairytale_event_text_ja_jp.lua
[CONVERTED] ../src/data/tables/ja_jp/activity_fairytale_mission_text_ja_jp.lua
[CONVERTED] ../src/data/tables/ja_jp/activity_fairytale_option_text_ja_jp.lua
[CONVERTED] ../src/data/tables/ja_jp/activity_fairytale_plot_text_ja_jp.lua
[CONVERTED] ../src/data/tables/ja_jp/activity_festival_text_ja_jp.lua
[CONVERTED] ../src/data/tables/ja_jp/activity_fit_up_dorm_text_ja_jp.lua
[CONVERTED] ../src/data/tables/ja_jp/activity_gamble_mission_text_ja_jp.lua
[CONVERTED] ../src/data/tables/ja_jp/activity_giftbox_text_ja_jp.lua
[CONVERTED] ../src/data/tables/ja_jp/activity_guard_text_ja_jp.lua
[CONVERTED] ../src/data/tables/ja_jp/activity_ice_secret_mission_text_ja_jp.lua
[CONVERTED] ../src/data/tables/ja_jp/activity_jigsaw_pic_text_ja_jp.lua
[CONVERTED] ../src/data/tables/ja_jp/activity_lafuli_drift_text_ja_jp.lua
[CONVERTED] ../src/data/tables/ja_jp/activity_limited_task_text_ja_jp.lua
[CONVERTED] ../src/data/tables/ja_jp/activity_monthly_total_text_ja_jp.lua
[CONVERTED] ../src/data/tables/ja_jp/activity_music_game_text_ja_jp.lua
[CONVERTED] ../src/data/tables/ja_jp/activity_newbee_lesson_text_ja_jp.lua
[CONVERTED] ../src/data/tables/ja_jp/activity_old_building_area_text_ja_jp.lua
[CONVERTED] ../src/data/tables/ja_jp/activity_old_building_buff_text_ja_jp.lua
[CONVERTED] ../src/data/tables/ja_jp/activity_old_building_lou_text_ja_jp.lua
[CONVERTED] ../src/data/tables/ja_jp/activity_partner_jackpot_text_ja_jp.lua
[CONVERTED] ../src/data/tables/ja_jp/activity_pet_task_text_ja_jp.lua
[CONVERTED] ../src/data/tables/ja_jp/activity_plot_fort_text_ja_jp.lua
[CONVERTED] ../src/data/tables/ja_jp/activity_plot_list_text_ja_jp.lua
[CONVERTED] ../src/data/tables/ja_jp/activity_plot_text_ja_jp.lua
[CONVERTED] ../src/data/tables/ja_jp/activity_popularity_vote_text_ja_jp.lua
[CONVERTED] ../src/data/tables/ja_jp/activity_return_pmission_text_ja_jp.lua
[CONVERTED] ../src/data/tables/ja_jp/activity_return_tmission_text_ja_jp.lua
[CONVERTED] ../src/data/tables/ja_jp/activity_school_explore_text_ja_jp.lua
[CONVERTED] ../src/data/tables/ja_jp/activity_search_book_text_ja_jp.lua
[CONVERTED] ../src/data/tables/ja_jp/activity_space_explore_mission_text_ja_jp.lua
[CONVERTED] ../src/data/tables/ja_jp/activity_space_explore_skill_text_ja_jp.lua
[CONVERTED] ../src/data/tables/ja_jp/activity_sports_achievement_text_ja_jp.lua
[CONVERTED] ../src/data/tables/ja_jp/activity_sports_mission_text_ja_jp.lua
[CONVERTED] ../src/data/tables/ja_jp/activity_study_quest_text_ja_jp.lua
[CONVERTED] ../src/data/tables/ja_jp/activity_study_score_text_ja_jp.lua
[CONVERTED] ../src/data/tables/ja_jp/activity_swimsuit_plot_text_ja_jp.lua
[CONVERTED] ../src/data/tables/ja_jp/activity_swimsuit_story_text_ja_jp.lua
[CONVERTED] ../src/data/tables/ja_jp/activity_text_ja_jp.lua
[CONVERTED] ../src/data/tables/ja_jp/activity_therm_story_text_ja_jp.lua
[CONVERTED] ../src/data/tables/ja_jp/activity_time_mission_text_ja_jp.lua
[CONVERTED] ../src/data/tables/ja_jp/activity_tour_plot_text_ja_jp.lua
[CONVERTED] ../src/data/tables/ja_jp/activity_turing_task_text_ja_jp.lua
[CONVERTED] ../src/data/tables/ja_jp/activity_valentine_plot_text_ja_jp.lua
[CONVERTED] ../src/data/tables/ja_jp/activity_week_exchange_text_ja_jp.lua
[CONVERTED] ../src/data/tables/ja_jp/activity_week_mission_text_ja_jp.lua
[CONVERTED] ../src/data/tables/ja_jp/appointment_partner_data_text_ja_jp.lua
[CONVERTED] ../src/data/tables/ja_jp/appointment_text_ja_jp.lua
[CONVERTED] ../src/data/tables/ja_jp/arena_all_server_award_text_ja_jp.lua
[CONVERTED] ../src/data/tables/ja_jp/battlepass_mission_text_ja_jp.lua
[CONVERTED] ../src/data/tables/ja_jp/be_stronger_text_ja_jp.lua
[CONVERTED] ../src/data/tables/ja_jp/beginner_quest_text_ja_jp.lua
[CONVERTED] ../src/data/tables/ja_jp/buff_text_ja_jp.lua
[CONVERTED] ../src/data/tables/ja_jp/collection_text_ja_jp.lua
[CONVERTED] ../src/data/tables/ja_jp/comic_ja_jp.lua
[CONVERTED] ../src/data/tables/ja_jp/comic_text_ja_jp.lua
[CONVERTED] ../src/data/tables/ja_jp/community_ja_jp.lua
[CONVERTED] ../src/data/tables/ja_jp/custom_background_text_ja_jp.lua
[CONVERTED] ../src/data/tables/ja_jp/custom_background_type_text_ja_jp.lua
[CONVERTED] ../src/data/tables/ja_jp/daily_mission_text_ja_jp.lua
[CONVERTED] ../src/data/tables/ja_jp/device_notify_category_text_ja_jp.lua
[CONVERTED] ../src/data/tables/ja_jp/device_notify_text_ja_jp.lua
[CONVERTED] ../src/data/tables/ja_jp/device_red_mark_text_ja_jp.lua
[CONVERTED] ../src/data/tables/ja_jp/direct_artifact_text_ja_jp.lua
[CONVERTED] ../src/data/tables/ja_jp/direct_label_text_ja_jp.lua
[CONVERTED] ../src/data/tables/ja_jp/direct_text_ja_jp.lua
[CONVERTED] ../src/data/tables/ja_jp/dungeon_drug_text_ja_jp.lua
[CONVERTED] ../src/data/tables/ja_jp/emoticon_gif_text_ja_jp.lua
[CONVERTED] ../src/data/tables/ja_jp/emoticon_text_ja_jp.lua
[CONVERTED] ../src/data/tables/ja_jp/equip_text_ja_jp.lua
[CONVERTED] ../src/data/tables/ja_jp/error_info_text_ja_jp.lua
[CONVERTED] ../src/data/tables/ja_jp/fb_share_ja_jp.lua
[CONVERTED] ../src/data/tables/ja_jp/fort_text_ja_jp.lua
[CONVERTED] ../src/data/tables/ja_jp/function_text_ja_jp.lua
[CONVERTED] ../src/data/tables/ja_jp/getway_item_text_ja_jp.lua
[CONVERTED] ../src/data/tables/ja_jp/getway_text_ja_jp.lua
[CONVERTED] ../src/data/tables/ja_jp/giftbag_text_ja_jp.lua
[CONVERTED] ../src/data/tables/ja_jp/girls_img_text_ja_jp.lua
[CONVERTED] ../src/data/tables/ja_jp/girls_model_text_ja_jp.lua
[CONVERTED] ../src/data/tables/ja_jp/govern_guide_text_ja_jp.lua
[CONVERTED] ../src/data/tables/ja_jp/govern_team_text_ja_jp.lua
[CONVERTED] ../src/data/tables/ja_jp/govern_team_weather_text_ja_jp.lua
[CONVERTED] ../src/data/tables/ja_jp/group_buff_text_ja_jp.lua
[CONVERTED] ../src/data/tables/ja_jp/group_text_ja_jp.lua
[CONVERTED] ../src/data/tables/ja_jp/guide_1_text_ja_jp.lua
[CONVERTED] ../src/data/tables/ja_jp/guide_2_text_ja_jp.lua
[CONVERTED] ../src/data/tables/ja_jp/guide_3_text_ja_jp.lua
[CONVERTED] ../src/data/tables/ja_jp/guild_boss_text_ja_jp.lua
[CONVERTED] ../src/data/tables/ja_jp/guild_guide_text_ja_jp.lua
[CONVERTED] ../src/data/tables/ja_jp/guild_log_text_ja_jp.lua
[CONVERTED] ../src/data/tables/ja_jp/guild_skill_text_ja_jp.lua
[CONVERTED] ../src/data/tables/ja_jp/house_dialog_text_ja_jp.lua
[CONVERTED] ../src/data/tables/ja_jp/house_furniture_group_text_ja_jp.lua
[CONVERTED] ../src/data/tables/ja_jp/house_guide_text_ja_jp.lua
[CONVERTED] ../src/data/tables/ja_jp/item_exchange_text_ja_jp.lua
[CONVERTED] ../src/data/tables/ja_jp/item_filter_type_text_ja_jp.lua
[CONVERTED] ../src/data/tables/ja_jp/item_text_ja_jp.lua
[CONVERTED] ../src/data/tables/ja_jp/job_text_ja_jp.lua
[CONVERTED] ../src/data/tables/ja_jp/loading_tips_text_ja_jp.lua
[CONVERTED] ../src/data/tables/ja_jp/mail_text_ja_jp.lua
[CONVERTED] ../src/data/tables/ja_jp/main_plot_episode_text_ja_jp.lua
[CONVERTED] ../src/data/tables/ja_jp/main_plot_fort_text_ja_jp.lua
[CONVERTED] ../src/data/tables/ja_jp/main_plot_list_text_ja_jp.lua
[CONVERTED] ../src/data/tables/ja_jp/main_plot_text_ja_jp.lua
[CONVERTED] ../src/data/tables/ja_jp/map_text_ja_jp.lua
[KEYERROR] tables/ja_jp/message_push_text_ja_jp.csv
[ADDED COLUMN 3] unknown_3
[CONVERTED] ../src/data/tables/ja_jp/message_push_text_ja_jp.lua
[CONVERTED] ../src/data/tables/ja_jp/new_trial_buff_text_ja_jp.lua
[CONVERTED] ../src/data/tables/ja_jp/new_trial_plot_text_ja_jp.lua
[CONVERTED] ../src/data/tables/ja_jp/notice_text_ja_jp.lua
[CONVERTED] ../src/data/tables/ja_jp/old_building_buff_text_ja_jp.lua
[CONVERTED] ../src/data/tables/ja_jp/old_building_floor_text_ja_jp.lua
[CONVERTED] ../src/data/tables/ja_jp/partner_achievement_text_ja_jp.lua
[CONVERTED] ../src/data/tables/ja_jp/partner_challenge_buff_text_ja_jp.lua
[CONVERTED] ../src/data/tables/ja_jp/partner_challenge_chess_text_ja_jp.lua
[CONVERTED] ../src/data/tables/ja_jp/partner_challenge_mission_text_ja_jp.lua
[CONVERTED] ../src/data/tables/ja_jp/partner_challenge_speed_text_ja_jp.lua
[CONVERTED] ../src/data/tables/ja_jp/partner_challenge_text_ja_jp.lua
[CONVERTED] ../src/data/tables/ja_jp/partner_challenge_type_text_ja_jp.lua
[CONVERTED] ../src/data/tables/ja_jp/partner_dialog_text_ja_jp.lua
[CONVERTED] ../src/data/tables/ja_jp/partner_dialog_type_text_ja_jp.lua
[CONVERTED] ../src/data/tables/ja_jp/partner_exskill_guide_text_ja_jp.lua
[CONVERTED] ../src/data/tables/ja_jp/partner_exskill_text_ja_jp.lua
[CONVERTED] ../src/data/tables/ja_jp/partner_notation_text_ja_jp.lua
[CONVERTED] ../src/data/tables/ja_jp/partner_plot_text_ja_jp.lua
[CONVERTED] ../src/data/tables/ja_jp/partner_text_ja_jp.lua
[CONVERTED] ../src/data/tables/ja_jp/partner_warmup_plot_text_ja_jp.lua
[CONVERTED] ../src/data/tables/ja_jp/pet_exskill_guide_text_ja_jp.lua
[CONVERTED] ../src/data/tables/ja_jp/pet_skill_text_ja_jp.lua
[CONVERTED] ../src/data/tables/ja_jp/pet_story_text_ja_jp.lua
[CONVERTED] ../src/data/tables/ja_jp/pet_text_ja_jp.lua
[CONVERTED] ../src/data/tables/ja_jp/pet_training_lesson_text_ja_jp.lua
[CONVERTED] ../src/data/tables/ja_jp/pet_training_text_ja_jp.lua
[CONVERTED] ../src/data/tables/ja_jp/player_return_story_text_ja_jp.lua
[CONVERTED] ../src/data/tables/ja_jp/pub_mission_name_text_ja_jp.lua
[CONVERTED] ../src/data/tables/ja_jp/questionnaire_options_text_ja_jp.lua
[CONVERTED] ../src/data/tables/ja_jp/questionnaire_text_ja_jp.lua
[CONVERTED] ../src/data/tables/ja_jp/random_name_text_ja_jp.lua
[CONVERTED] ../src/data/tables/ja_jp/school_practise_guide_text_ja_jp.lua
[CONVERTED] ../src/data/tables/ja_jp/server_map_text_ja_jp.lua
[CONVERTED] ../src/data/tables/ja_jp/setting_text_ja_jp.lua
[CONVERTED] ../src/data/tables/ja_jp/shop_config_text_ja_jp.lua
[KEYERROR] tables/ja_jp/skill_text_ja_jp.csv
[ADDED COLUMN 2] unknown_2
[CONVERTED] ../src/data/tables/ja_jp/skill_text_ja_jp.lua
[CONVERTED] ../src/data/tables/ja_jp/skin_text_ja_jp.lua
[CONVERTED] ../src/data/tables/ja_jp/spirit_set_text_ja_jp.lua
[CONVERTED] ../src/data/tables/ja_jp/spirit_text_ja_jp.lua
[CONVERTED] ../src/data/tables/ja_jp/stage_text_ja_jp.lua
[CONVERTED] ../src/data/tables/ja_jp/test_mission_text_ja_jp.lua
[CONVERTED] ../src/data/tables/ja_jp/tips_activity_point_text_ja_jp.lua
[CONVERTED] ../src/data/tables/ja_jp/translation_2_ja_jp.lua
[CONVERTED] ../src/data/tables/ja_jp/translation_ja_jp.lua
[CONVERTED] ../src/data/tables/ja_jp/vip_text_ja_jp.lua
[CONVERTED] ../src/data/tables/ja_jp/weak_guide_text_ja_jp.lua
[CONVERTED] ../src/data/tables/job.lua
[CONVERTED] ../src/data/tables/job_suit_skill.lua
[CONVERTED] ../src/data/tables/language_font.lua
[CONVERTED] ../src/data/tables/mail.lua
[IGNORED] ../src/data/tables/main_plot.lua
[CONVERTED] ../src/data/tables/main_plot1.lua
[CONVERTED] ../src/data/tables/main_plot2.lua
[CONVERTED] ../src/data/tables/main_plot3.lua
[CONVERTED] ../src/data/tables/main_plot_episode.lua
[CONVERTED] ../src/data/tables/main_plot_fort.lua
[CONVERTED] ../src/data/tables/main_plot_list.lua
[CONVERTED] ../src/data/tables/map.lua
[CONVERTED] ../src/data/tables/message_push.lua
[CONVERTED] ../src/data/tables/midas.lua
[CONVERTED] ../src/data/tables/midas_buy_coin.lua
[CONVERTED] ../src/data/tables/misc.lua
[CONVERTED] ../src/data/tables/model.lua
[IGNORED] ../src/data/tables/monster.lua
[CONVERTED] ../src/data/tables/monster1.lua
[CONVERTED] ../src/data/tables/monster2.lua
[CONVERTED] ../src/data/tables/monster3.lua
[CONVERTED] ../src/data/tables/monster4.lua
[CONVERTED] ../src/data/tables/monster5.lua
[CONVERTED] ../src/data/tables/monster6.lua
[CONVERTED] ../src/data/tables/monster7.lua
[CONVERTED] ../src/data/tables/monster8.lua
[CONVERTED] ../src/data/tables/national_flag.lua
[CONVERTED] ../src/data/tables/new_trial_boss_reward.lua
[CONVERTED] ../src/data/tables/new_trial_boss_scenes.lua
[CONVERTED] ../src/data/tables/new_trial_buff.lua
[CONVERTED] ../src/data/tables/new_trial_offset.lua
[CONVERTED] ../src/data/tables/new_trial_plot.lua
[CONVERTED] ../src/data/tables/new_trial_stage.lua
[CONVERTED] ../src/data/tables/old_building_a.lua
[CONVERTED] ../src/data/tables/old_building_a_award1.lua
[CONVERTED] ../src/data/tables/old_building_a_award2.lua
[CONVERTED] ../src/data/tables/old_building_b.lua
[CONVERTED] ../src/data/tables/old_building_b_award1.lua
[CONVERTED] ../src/data/tables/old_building_b_award2.lua
[CONVERTED] ../src/data/tables/old_building_buff.lua
[CONVERTED] ../src/data/tables/old_building_buff_new.lua
[CONVERTED] ../src/data/tables/old_building_shop1.lua
[CONVERTED] ../src/data/tables/old_building_shop2.lua
[CONVERTED] ../src/data/tables/old_building_stage.lua
[CONVERTED] ../src/data/tables/online.lua
[CONVERTED] ../src/data/tables/partner.lua
[CONVERTED] ../src/data/tables/partner_achievement.lua
[CONVERTED] ../src/data/tables/partner_challenge.lua
[CONVERTED] ../src/data/tables/partner_challenge_box.lua
[CONVERTED] ../src/data/tables/partner_challenge_buff.lua
[CONVERTED] ../src/data/tables/partner_challenge_chess.lua
[CONVERTED] ../src/data/tables/partner_challenge_chess_box.lua
[CONVERTED] ../src/data/tables/partner_challenge_chess_weight.lua
[CONVERTED] ../src/data/tables/partner_challenge_mission.lua
[CONVERTED] ../src/data/tables/partner_challenge_speed.lua
[CONVERTED] ../src/data/tables/partner_challenge_speed_award.lua
[CONVERTED] ../src/data/tables/partner_challenge_type.lua
[CONVERTED] ../src/data/tables/partner_comment.lua
[CONVERTED] ../src/data/tables/partner_data_battle_type.lua
[CONVERTED] ../src/data/tables/partner_data_report_filter.lua
[CONVERTED] ../src/data/tables/partner_dialog.lua
[CONVERTED] ../src/data/tables/partner_exskill.lua
[CONVERTED] ../src/data/tables/partner_exskill_cost.lua
[CONVERTED] ../src/data/tables/partner_exskill_guide.lua
[CONVERTED] ../src/data/tables/partner_id_rule.lua
[CONVERTED] ../src/data/tables/partner_name_translation.lua
[CONVERTED] ../src/data/tables/partner_picture.lua
[IGNORED] ../src/data/tables/partner_plot.lua
[CONVERTED] ../src/data/tables/partner_plot1.lua
[CONVERTED] ../src/data/tables/partner_plot2.lua
[CONVERTED] ../src/data/tables/partner_plot3.lua
[CONVERTED] ../src/data/tables/partner_plot4.lua
[CONVERTED] ../src/data/tables/partner_plot5.lua
[CONVERTED] ../src/data/tables/partner_plot6.lua
[CONVERTED] ../src/data/tables/partner_replace.lua
[CONVERTED] ../src/data/tables/partner_return_rule.lua
[CONVERTED] ../src/data/tables/partner_warmup.lua
[CONVERTED] ../src/data/tables/partner_warmup_award.lua
[IGNORED] ../src/data/tables/partner_warmup_plot.lua
[CONVERTED] ../src/data/tables/partner_warmup_plot1.lua
[CONVERTED] ../src/data/tables/partner_warmup_plot2.lua
[CONVERTED] ../src/data/tables/pet.lua
[CONVERTED] ../src/data/tables/pet_exskill.lua
[CONVERTED] ../src/data/tables/pet_exskill_guide.lua
[CONVERTED] ../src/data/tables/pet_skill.lua
[CONVERTED] ../src/data/tables/pet_story.lua
[CONVERTED] ../src/data/tables/pet_training.lua
[CONVERTED] ../src/data/tables/pet_training_boss.lua
[CONVERTED] ../src/data/tables/pet_training_lesson.lua
[CONVERTED] ../src/data/tables/player_language.lua
[CONVERTED] ../src/data/tables/player_return_story.lua
[CONVERTED] ../src/data/tables/pub_mission.lua
[CONVERTED] ../src/data/tables/pub_mission_condition.lua
[CONVERTED] ../src/data/tables/pub_scroll.lua
[CONVERTED] ../src/data/tables/questionnaire.lua
[CONVERTED] ../src/data/tables/questionnaire_options.lua
[CONVERTED] ../src/data/tables/quiz.lua
[CONVERTED] ../src/data/tables/quiz_stage.lua
[CONVERTED] ../src/data/tables/resource_effect.lua
[CONVERTED] ../src/data/tables/school_practise.lua
[CONVERTED] ../src/data/tables/school_practise_frame.lua
[CONVERTED] ../src/data/tables/school_practise_guide.lua
[CONVERTED] ../src/data/tables/school_practise_new.lua
[CONVERTED] ../src/data/tables/school_practise_point.lua
[CONVERTED] ../src/data/tables/school_practise_point_2.lua
[CONVERTED] ../src/data/tables/school_practise_ticket_buy.lua
[CONVERTED] ../src/data/tables/senpai_dress.lua
[CONVERTED] ../src/data/tables/senpai_dress_group.lua
[CONVERTED] ../src/data/tables/senpai_dress_item.lua
[CONVERTED] ../src/data/tables/senpai_dress_skill.lua
[CONVERTED] ../src/data/tables/senpai_dress_skill_buff.lua
[CONVERTED] ../src/data/tables/senpai_dress_slot.lua
[CONVERTED] ../src/data/tables/senpai_dress_style.lua
[CONVERTED] ../src/data/tables/server_map.lua
[CONVERTED] ../src/data/tables/setting.lua
[CONVERTED] ../src/data/tables/shop_activity_date.lua
[CONVERTED] ../src/data/tables/shop_arena.lua
[CONVERTED] ../src/data/tables/shop_artifact.lua
[CONVERTED] ../src/data/tables/shop_battlepass.lua
[CONVERTED] ../src/data/tables/shop_battlepass_2.lua
[CONVERTED] ../src/data/tables/shop_black.lua
[CONVERTED] ../src/data/tables/shop_black_new.lua
[CONVERTED] ../src/data/tables/shop_brave.lua
[CONVERTED] ../src/data/tables/shop_collection1.lua
[CONVERTED] ../src/data/tables/shop_collection2.lua
[CONVERTED] ../src/data/tables/shop_config.lua
[CONVERTED] ../src/data/tables/shop_guild.lua
[CONVERTED] ../src/data/tables/shop_hero.lua
[CONVERTED] ../src/data/tables/shop_hero_new.lua
[CONVERTED] ../src/data/tables/shop_house_furniture.lua
[CONVERTED] ../src/data/tables/shop_luck.lua
[CONVERTED] ../src/data/tables/shop_new_trial.lua
[CONVERTED] ../src/data/tables/shop_school_practise.lua
[CONVERTED] ../src/data/tables/shop_skin.lua
[IGNORED] ../src/data/tables/skill.lua
[KEYERROR] tables/skill1.csv
[ADDED COLUMN 3] unknown_3
[CONVERTED] ../src/data/tables/skill1.lua
[KEYERROR] tables/skill2.csv
[ADDED COLUMN 3] unknown_3
[CONVERTED] ../src/data/tables/skill2.lua
[KEYERROR] tables/skill3.csv
[ADDED COLUMN 3] unknown_3
[CONVERTED] ../src/data/tables/skill3.lua
[KEYERROR] tables/skill4.csv
[ADDED COLUMN 3] unknown_3
[CONVERTED] ../src/data/tables/skill4.lua
[KEYERROR] tables/skill5.csv
[ADDED COLUMN 3] unknown_3
[CONVERTED] ../src/data/tables/skill5.lua
[KEYERROR] tables/skill6.csv
[ADDED COLUMN 3] unknown_3
[CONVERTED] ../src/data/tables/skill6.lua
[CONVERTED] ../src/data/tables/skin.lua
[CONVERTED] ../src/data/tables/skin_show_stage.lua
[CONVERTED] ../src/data/tables/skin_unlcok.lua
[IGNORED] ../src/data/tables/sound.lua
[CONVERTED] ../src/data/tables/sound1.lua
[CONVERTED] ../src/data/tables/sound2.lua
[CONVERTED] ../src/data/tables/stage.lua
[CONVERTED] ../src/data/tables/stage_fx_xy.lua
[CONVERTED] ../src/data/tables/stage_lock.lua
[CONVERTED] ../src/data/tables/summon.lua
[CONVERTED] ../src/data/tables/summon_rate.lua
[CONVERTED] ../src/data/tables/tips_activity_point.lua
[CONVERTED] ../src/data/tables/tower.lua
[CONVERTED] ../src/data/tables/travel_box.lua
[CONVERTED] ../src/data/tables/travel_building1.lua
[CONVERTED] ../src/data/tables/travel_building2.lua
[CONVERTED] ../src/data/tables/travel_building3.lua
[CONVERTED] ../src/data/tables/travel_event.lua
[CONVERTED] ../src/data/tables/travel_explore.lua
[CONVERTED] ../src/data/tables/travel_facility_add.lua
[CONVERTED] ../src/data/tables/travel_train.lua
[CONVERTED] ../src/data/tables/trial.lua
[CONVERTED] ../src/data/tables/trial_match.lua
[CONVERTED] ../src/data/tables/trial_node.lua
[CONVERTED] ../src/data/tables/trial_offset.lua
[CONVERTED] ../src/data/tables/vip.lua
[CONVERTED] ../src/data/tables/weak_guide.lua
[CONVERTED] ../src/data/tables/wedding_dress.lua
[CONVERTED] ../src/data/tables/window.lua
[CONVERTED] ../src/data/tables/window_go.lua
[CONVERTED] ../src/data/tables/window_go_operation_map.lua
[CONVERTED] ../src/data/tables/zh_tw/achievement_text_zh_tw.lua
[CONVERTED] ../src/data/tables/zh_tw/activity_boss_dialogue_text_zh_tw.lua
[CONVERTED] ../src/data/tables/zh_tw/activity_candy_collect_text_zh_tw.lua
[CONVERTED] ../src/data/tables/zh_tw/activity_crystal_ball_plot_text_zh_tw.lua
[CONVERTED] ../src/data/tables/zh_tw/activity_crystal_ball_text_zh_tw.lua
[CONVERTED] ../src/data/tables/zh_tw/activity_date_boss_text_zh_tw.lua
[CONVERTED] ../src/data/tables/zh_tw/activity_date_buff_text_zh_tw.lua
[CONVERTED] ../src/data/tables/zh_tw/activity_date_cell_text_zh_tw.lua
[CONVERTED] ../src/data/tables/zh_tw/activity_date_decision_text_zh_tw.lua
[CONVERTED] ../src/data/tables/zh_tw/activity_date_earn_text_zh_tw.lua
[CONVERTED] ../src/data/tables/zh_tw/activity_date_memory_text_zh_tw.lua
[CONVERTED] ../src/data/tables/zh_tw/activity_date_options_text_zh_tw.lua
[CONVERTED] ../src/data/tables/zh_tw/activity_date_plot_text_zh_tw.lua
[CONVERTED] ../src/data/tables/zh_tw/activity_easter_egg_text_zh_tw.lua
[CONVERTED] ../src/data/tables/zh_tw/activity_factory_text_zh_tw.lua
[CONVERTED] ../src/data/tables/zh_tw/activity_fair_arena_box_buff_text_zh_tw.lua
[CONVERTED] ../src/data/tables/zh_tw/activity_fairytale_award3_text_zh_tw.lua
[CONVERTED] ../src/data/tables/zh_tw/activity_fairytale_buff_text_zh_tw.lua
[CONVERTED] ../src/data/tables/zh_tw/activity_fairytale_cell_text_zh_tw.lua
[CONVERTED] ../src/data/tables/zh_tw/activity_fairytale_event_text_zh_tw.lua
[CONVERTED] ../src/data/tables/zh_tw/activity_fairytale_mission_text_zh_tw.lua
[CONVERTED] ../src/data/tables/zh_tw/activity_fairytale_option_text_zh_tw.lua
[CONVERTED] ../src/data/tables/zh_tw/activity_fairytale_plot_text_zh_tw.lua
[CONVERTED] ../src/data/tables/zh_tw/activity_festival_text_zh_tw.lua
[CONVERTED] ../src/data/tables/zh_tw/activity_fit_up_dorm_text_zh_tw.lua
[CONVERTED] ../src/data/tables/zh_tw/activity_gamble_mission_text_zh_tw.lua
[CONVERTED] ../src/data/tables/zh_tw/activity_giftbox_text_zh_tw.lua
[CONVERTED] ../src/data/tables/zh_tw/activity_guard_text_zh_tw.lua
[CONVERTED] ../src/data/tables/zh_tw/activity_ice_secret_mission_text_zh_tw.lua
[CONVERTED] ../src/data/tables/zh_tw/activity_jigsaw_pic_text_zh_tw.lua
[CONVERTED] ../src/data/tables/zh_tw/activity_lafuli_drift_text_zh_tw.lua
[CONVERTED] ../src/data/tables/zh_tw/activity_limited_task_text_zh_tw.lua
[CONVERTED] ../src/data/tables/zh_tw/activity_monthly_total_text_zh_tw.lua
[CONVERTED] ../src/data/tables/zh_tw/activity_music_game_text_zh_tw.lua
[CONVERTED] ../src/data/tables/zh_tw/activity_newbee_lesson_text_zh_tw.lua
[CONVERTED] ../src/data/tables/zh_tw/activity_old_building_area_text_zh_tw.lua
[CONVERTED] ../src/data/tables/zh_tw/activity_old_building_buff_text_zh_tw.lua
[CONVERTED] ../src/data/tables/zh_tw/activity_old_building_lou_text_zh_tw.lua
[CONVERTED] ../src/data/tables/zh_tw/activity_partner_jackpot_text_zh_tw.lua
[CONVERTED] ../src/data/tables/zh_tw/activity_pet_task_text_zh_tw.lua
[CONVERTED] ../src/data/tables/zh_tw/activity_plot_fort_text_zh_tw.lua
[CONVERTED] ../src/data/tables/zh_tw/activity_plot_list_text_zh_tw.lua
[CONVERTED] ../src/data/tables/zh_tw/activity_plot_text_zh_tw.lua
[CONVERTED] ../src/data/tables/zh_tw/activity_popularity_vote_text_zh_tw.lua
[CONVERTED] ../src/data/tables/zh_tw/activity_return_pmission_text_zh_tw.lua
[CONVERTED] ../src/data/tables/zh_tw/activity_return_tmission_text_zh_tw.lua
[CONVERTED] ../src/data/tables/zh_tw/activity_school_explore_text_zh_tw.lua
[CONVERTED] ../src/data/tables/zh_tw/activity_search_book_text_zh_tw.lua
[CONVERTED] ../src/data/tables/zh_tw/activity_space_explore_mission_text_zh_tw.lua
[CONVERTED] ../src/data/tables/zh_tw/activity_space_explore_skill_text_zh_tw.lua
[CONVERTED] ../src/data/tables/zh_tw/activity_sports_achievement_text_zh_tw.lua
[CONVERTED] ../src/data/tables/zh_tw/activity_sports_mission_text_zh_tw.lua
[CONVERTED] ../src/data/tables/zh_tw/activity_study_quest_text_zh_tw.lua
[CONVERTED] ../src/data/tables/zh_tw/activity_study_score_text_zh_tw.lua
[CONVERTED] ../src/data/tables/zh_tw/activity_swimsuit_plot_text_zh_tw.lua
[CONVERTED] ../src/data/tables/zh_tw/activity_swimsuit_story_text_zh_tw.lua
[CONVERTED] ../src/data/tables/zh_tw/activity_text_zh_tw.lua
[CONVERTED] ../src/data/tables/zh_tw/activity_therm_story_text_zh_tw.lua
[CONVERTED] ../src/data/tables/zh_tw/activity_time_mission_text_zh_tw.lua
[CONVERTED] ../src/data/tables/zh_tw/activity_tour_plot_text_zh_tw.lua
[CONVERTED] ../src/data/tables/zh_tw/activity_turing_task_text_zh_tw.lua
[CONVERTED] ../src/data/tables/zh_tw/activity_valentine_plot_text_zh_tw.lua
[CONVERTED] ../src/data/tables/zh_tw/activity_week_exchange_text_zh_tw.lua
[CONVERTED] ../src/data/tables/zh_tw/activity_week_mission_text_zh_tw.lua
[CONVERTED] ../src/data/tables/zh_tw/appointment_partner_data_text_zh_tw.lua
[CONVERTED] ../src/data/tables/zh_tw/appointment_text_zh_tw.lua
[CONVERTED] ../src/data/tables/zh_tw/arena_all_server_award_text_zh_tw.lua
[CONVERTED] ../src/data/tables/zh_tw/battlepass_mission_text_zh_tw.lua
[CONVERTED] ../src/data/tables/zh_tw/be_stronger_text_zh_tw.lua
[CONVERTED] ../src/data/tables/zh_tw/beginner_quest_text_zh_tw.lua
[CONVERTED] ../src/data/tables/zh_tw/buff_text_zh_tw.lua
[CONVERTED] ../src/data/tables/zh_tw/collection_text_zh_tw.lua
[CONVERTED] ../src/data/tables/zh_tw/comic_text_zh_tw.lua
[CONVERTED] ../src/data/tables/zh_tw/comic_zh_tw.lua
[CONVERTED] ../src/data/tables/zh_tw/community_zh_tw.lua
[CONVERTED] ../src/data/tables/zh_tw/custom_background_text_zh_tw.lua
[CONVERTED] ../src/data/tables/zh_tw/custom_background_type_text_zh_tw.lua
[CONVERTED] ../src/data/tables/zh_tw/daily_mission_text_zh_tw.lua
[CONVERTED] ../src/data/tables/zh_tw/device_notify_category_text_zh_tw.lua
[CONVERTED] ../src/data/tables/zh_tw/device_notify_text_zh_tw.lua
[CONVERTED] ../src/data/tables/zh_tw/device_red_mark_text_zh_tw.lua
[CONVERTED] ../src/data/tables/zh_tw/direct_artifact_text_zh_tw.lua
[CONVERTED] ../src/data/tables/zh_tw/direct_label_text_zh_tw.lua
[CONVERTED] ../src/data/tables/zh_tw/direct_text_zh_tw.lua
[CONVERTED] ../src/data/tables/zh_tw/dungeon_drug_text_zh_tw.lua
[CONVERTED] ../src/data/tables/zh_tw/emoticon_gif_text_zh_tw.lua
[CONVERTED] ../src/data/tables/zh_tw/equip_text_zh_tw.lua
[CONVERTED] ../src/data/tables/zh_tw/error_info_text_zh_tw.lua
[CONVERTED] ../src/data/tables/zh_tw/fb_share_zh_tw.lua
[CONVERTED] ../src/data/tables/zh_tw/fort_text_zh_tw.lua
[CONVERTED] ../src/data/tables/zh_tw/function_text_zh_tw.lua
[CONVERTED] ../src/data/tables/zh_tw/getway_item_text_zh_tw.lua
[CONVERTED] ../src/data/tables/zh_tw/getway_text_zh_tw.lua
[CONVERTED] ../src/data/tables/zh_tw/giftbag_text_zh_tw.lua
[CONVERTED] ../src/data/tables/zh_tw/girls_img_text_zh_tw.lua
[CONVERTED] ../src/data/tables/zh_tw/girls_model_text_zh_tw.lua
[CONVERTED] ../src/data/tables/zh_tw/govern_guide_text_zh_tw.lua
[CONVERTED] ../src/data/tables/zh_tw/govern_team_text_zh_tw.lua
[CONVERTED] ../src/data/tables/zh_tw/govern_team_weather_text_zh_tw.lua
[CONVERTED] ../src/data/tables/zh_tw/group_buff_text_zh_tw.lua
[CONVERTED] ../src/data/tables/zh_tw/group_text_zh_tw.lua
[CONVERTED] ../src/data/tables/zh_tw/guide_1_text_zh_tw.lua
[CONVERTED] ../src/data/tables/zh_tw/guide_2_text_zh_tw.lua
[CONVERTED] ../src/data/tables/zh_tw/guide_3_text_zh_tw.lua
[CONVERTED] ../src/data/tables/zh_tw/guild_boss_text_zh_tw.lua
[CONVERTED] ../src/data/tables/zh_tw/guild_guide_text_zh_tw.lua
[CONVERTED] ../src/data/tables/zh_tw/guild_log_text_zh_tw.lua
[CONVERTED] ../src/data/tables/zh_tw/guild_skill_text_zh_tw.lua
[CONVERTED] ../src/data/tables/zh_tw/house_dialog_text_zh_tw.lua
[CONVERTED] ../src/data/tables/zh_tw/house_furniture_group_text_zh_tw.lua
[CONVERTED] ../src/data/tables/zh_tw/house_guide_text_zh_tw.lua
[CONVERTED] ../src/data/tables/zh_tw/item_exchange_text_zh_tw.lua
[CONVERTED] ../src/data/tables/zh_tw/item_filter_type_text_zh_tw.lua
[CONVERTED] ../src/data/tables/zh_tw/item_text_zh_tw.lua
[CONVERTED] ../src/data/tables/zh_tw/job_text_zh_tw.lua
[CONVERTED] ../src/data/tables/zh_tw/loading_tips_text_zh_tw.lua
[CONVERTED] ../src/data/tables/zh_tw/mail_text_zh_tw.lua
[CONVERTED] ../src/data/tables/zh_tw/main_plot_episode_text_zh_tw.lua
[CONVERTED] ../src/data/tables/zh_tw/main_plot_fort_text_zh_tw.lua
[CONVERTED] ../src/data/tables/zh_tw/main_plot_list_text_zh_tw.lua
[CONVERTED] ../src/data/tables/zh_tw/main_plot_text_zh_tw.lua
[CONVERTED] ../src/data/tables/zh_tw/map_text_zh_tw.lua
[KEYERROR] tables/zh_tw/message_push_text_zh_tw.csv
[ADDED COLUMN 3] unknown_3
[CONVERTED] ../src/data/tables/zh_tw/message_push_text_zh_tw.lua
[CONVERTED] ../src/data/tables/zh_tw/new_trial_buff_text_zh_tw.lua
[CONVERTED] ../src/data/tables/zh_tw/new_trial_plot_text_zh_tw.lua
[CONVERTED] ../src/data/tables/zh_tw/notice_text_zh_tw.lua
[CONVERTED] ../src/data/tables/zh_tw/old_building_buff_text_zh_tw.lua
[CONVERTED] ../src/data/tables/zh_tw/old_building_floor_text_zh_tw.lua
[CONVERTED] ../src/data/tables/zh_tw/partner_achievement_text_zh_tw.lua
[CONVERTED] ../src/data/tables/zh_tw/partner_challenge_buff_text_zh_tw.lua
[CONVERTED] ../src/data/tables/zh_tw/partner_challenge_chess_text_zh_tw.lua
[CONVERTED] ../src/data/tables/zh_tw/partner_challenge_mission_text_zh_tw.lua
[CONVERTED] ../src/data/tables/zh_tw/partner_challenge_speed_text_zh_tw.lua
[CONVERTED] ../src/data/tables/zh_tw/partner_challenge_text_zh_tw.lua
[CONVERTED] ../src/data/tables/zh_tw/partner_challenge_type_text_zh_tw.lua
[CONVERTED] ../src/data/tables/zh_tw/partner_dialog_text_zh_tw.lua
[CONVERTED] ../src/data/tables/zh_tw/partner_dialog_type_text_zh_tw.lua
[CONVERTED] ../src/data/tables/zh_tw/partner_exskill_guide_text_zh_tw.lua
[CONVERTED] ../src/data/tables/zh_tw/partner_exskill_text_zh_tw.lua
[CONVERTED] ../src/data/tables/zh_tw/partner_plot_text_zh_tw.lua
[CONVERTED] ../src/data/tables/zh_tw/partner_text_zh_tw.lua
[CONVERTED] ../src/data/tables/zh_tw/partner_warmup_plot_text_zh_tw.lua
[CONVERTED] ../src/data/tables/zh_tw/pet_exskill_guide_text_zh_tw.lua
[CONVERTED] ../src/data/tables/zh_tw/pet_skill_text_zh_tw.lua
[CONVERTED] ../src/data/tables/zh_tw/pet_story_text_zh_tw.lua
[CONVERTED] ../src/data/tables/zh_tw/pet_text_zh_tw.lua
[CONVERTED] ../src/data/tables/zh_tw/pet_training_lesson_text_zh_tw.lua
[CONVERTED] ../src/data/tables/zh_tw/pet_training_text_zh_tw.lua
[CONVERTED] ../src/data/tables/zh_tw/player_return_story_text_zh_tw.lua
[CONVERTED] ../src/data/tables/zh_tw/pub_mission_name_text_zh_tw.lua
[CONVERTED] ../src/data/tables/zh_tw/questionnaire_options_text_zh_tw.lua
[CONVERTED] ../src/data/tables/zh_tw/questionnaire_text_zh_tw.lua
[CONVERTED] ../src/data/tables/zh_tw/random_name_text_zh_tw.lua
[CONVERTED] ../src/data/tables/zh_tw/school_practise_guide_text_zh_tw.lua
[CONVERTED] ../src/data/tables/zh_tw/server_map_text_zh_tw.lua
[CONVERTED] ../src/data/tables/zh_tw/setting_text_zh_tw.lua
[CONVERTED] ../src/data/tables/zh_tw/shop_config_text_zh_tw.lua
[KEYERROR] tables/zh_tw/skill_text_zh_tw.csv
[ADDED COLUMN 2] unknown_2
[CONVERTED] ../src/data/tables/zh_tw/skill_text_zh_tw.lua
[CONVERTED] ../src/data/tables/zh_tw/skin_text_zh_tw.lua
[CONVERTED] ../src/data/tables/zh_tw/spirit_set_text_zh_tw.lua
[CONVERTED] ../src/data/tables/zh_tw/spirit_text_zh_tw.lua
[CONVERTED] ../src/data/tables/zh_tw/stage_text_zh_tw.lua
[CONVERTED] ../src/data/tables/zh_tw/test_mission_text_zh_tw.lua
[CONVERTED] ../src/data/tables/zh_tw/tips_activity_point_text_zh_tw.lua
[CONVERTED] ../src/data/tables/zh_tw/translation_2_zh_tw.lua
[CONVERTED] ../src/data/tables/zh_tw/translation_zh_tw.lua
[CONVERTED] ../src/data/tables/zh_tw/vip_text_zh_tw.lua
[CONVERTED] ../src/data/tables/zh_tw/weak_guide_text_zh_tw.lua
[TO COMBINE] tables/dropbox1.csv tables/dropbox2.csv
[COMBINED] combined_tables/dropbox.csv
[TO COMBINE] tables/item1.csv tables/item2.csv
[COMBINED] combined_tables/item.csv
[TO COMBINE] tables/main_plot1.csv tables/main_plot2.csv tables/main_plot3.csv
[COMBINED] combined_tables/main_plot.csv
[TO COMBINE] tables/monster1.csv tables/monster2.csv tables/monster3.csv tables/monster4.csv tables/monster5.csv tables/monster6.csv tables/monster7.csv tables/monster8.csv
[COMBINED] combined_tables/monster.csv
[TO COMBINE] tables/partner_plot1.csv tables/partner_plot2.csv tables/partner_plot3.csv tables/partner_plot4.csv tables/partner_plot5.csv tables/partner_plot6.csv
[COMBINED] combined_tables/partner_plot.csv
[TO COMBINE] tables/partner_warmup_plot1.csv tables/partner_warmup_plot2.csv
[COMBINED] combined_tables/partner_warmup_plot.csv
[TO COMBINE] tables/skill1.csv tables/skill2.csv tables/skill3.csv tables/skill4.csv tables/skill5.csv tables/skill6.csv
[COMBINED] combined_tables/skill.csv
[TO COMBINE] tables/sound1.csv tables/sound2.csv
[COMBINED] combined_tables/sound.csv
